#
# There is insufficient memory for the Java Runtime Environment to continue.
# Native memory allocation (malloc) failed to allocate 622528 bytes. Error detail: Chunk::new
# Possible reasons:
#   The system is out of physical RAM or swap space
#   This process is running with CompressedOops enabled, and the Java Heap may be blocking the growth of the native heap
# Possible solutions:
#   Reduce memory load on the system
#   Increase physical memory or swap space
#   Check if swap backing store is full
#   Decrease Java heap size (-Xmx/-Xms)
#   Decrease number of Java threads
#   Decrease Java thread stack sizes (-Xss)
#   Set larger code cache with -XX:ReservedCodeCacheSize=
#   JVM is running with Unscaled Compressed Oops mode in which the Java heap is
#     placed in the first 4GB address space. The Java Heap base address is the
#     maximum limit for the native heap growth. Please use -XX:HeapBaseMinAddress
#     to set the Java Heap base and to place the Java Heap above 4GB virtual address.
# This output file may be truncated or incomplete.
#
#  Out of Memory Error (arena.cpp:168), pid=58360, tid=45104
#
# JRE version: OpenJDK Runtime Environment Temurin-21.0.6+7 (21.0.6+7) (build 21.0.6+7-LTS)
# Java VM: OpenJDK 64-Bit Server VM Temurin-21.0.6+7 (21.0.6+7-LTS, mixed mode, sharing, tiered, compressed oops, compressed class ptrs, parallel gc, windows-amd64)
# No core dump will be written. Minidumps are not enabled by default on client versions of Windows
#

---------------  S U M M A R Y ------------

Command Line: --add-modules=ALL-SYSTEM --add-opens=java.base/java.util=ALL-UNNAMED --add-opens=java.base/java.lang=ALL-UNNAMED --add-opens=java.base/sun.nio.fs=ALL-UNNAMED -Declipse.application=org.eclipse.jdt.ls.core.id1 -Dosgi.bundles.defaultStartLevel=4 -Declipse.product=org.eclipse.jdt.ls.core.product -Djava.import.generatesMetadataFilesAtProjectRoot=false -DDetectVMInstallationsJob.disabled=true -Dfile.encoding=utf8 -XX:+UseParallelGC -XX:GCTimeRatio=4 -XX:AdaptiveSizePolicyWeight=90 -Dsun.zip.disableMemoryMapping=true -Xmx1G -Xms100m -Xlog:disable -javaagent:c:\Users\XIAOMI\.vscode\extensions\redhat.java-1.40.0-win32-x64\lombok\lombok-1.18.36.jar -XX:+HeapDumpOnOutOfMemoryError -XX:HeapDumpPath=c:\Users\XIAOMI\AppData\Roaming\Code\User\workspaceStorage\8aaf11750f5bdf88448f61a0a3e28651\redhat.java -Daether.dependencyCollector.impl=bf c:\Users\XIAOMI\.vscode\extensions\redhat.java-1.40.0-win32-x64\server\plugins\org.eclipse.equinox.launcher_1.6.1000.v20250131-0606.jar -configuration c:\Users\XIAOMI\AppData\Roaming\Code\User\globalStorage\redhat.java\1.40.0\config_win -data c:\Users\XIAOMI\AppData\Roaming\Code\User\workspaceStorage\8aaf11750f5bdf88448f61a0a3e28651\redhat.java\jdt_ws --pipe=\\.\pipe\lsp-e2e289fb8f6a5a21e5b9651eebe74abb-sock

Host: 11th Gen Intel(R) Core(TM) i7-11370H @ 3.30GHz, 8 cores, 15G,  Windows 11 , 64 bit Build 22621 (10.0.22621.4391)
Time: Mon Mar 10 23:01:50 2025  Windows 11 , 64 bit Build 22621 (10.0.22621.4391) elapsed time: 6.060837 seconds (0d 0h 0m 6s)

---------------  T H R E A D  ---------------

Current thread (0x000001e76d5ac330):  JavaThread "C2 CompilerThread0" daemon [_thread_in_native, id=45104, stack(0x000000655f000000,0x000000655f100000) (1024K)]


Current CompileTask:
C2:6060 6763   !   4       java.nio.file.FileTreeWalker::next (144 bytes)

Stack: [0x000000655f000000,0x000000655f100000]
Native frames: (J=compiled Java code, j=interpreted, Vv=VM code, C=native code)
V  [jvm.dll+0x6cdee9]
V  [jvm.dll+0x8a83d1]
V  [jvm.dll+0x8aa8fe]
V  [jvm.dll+0x8aafe3]
V  [jvm.dll+0x27f706]
V  [jvm.dll+0xc500d]
V  [jvm.dll+0xc5543]
V  [jvm.dll+0x3b678c]
V  [jvm.dll+0x382935]
V  [jvm.dll+0x381d9a]
V  [jvm.dll+0x2479f0]
V  [jvm.dll+0x246fcf]
V  [jvm.dll+0x1c75ee]
V  [jvm.dll+0x25685a]
V  [jvm.dll+0x254dfa]
V  [jvm.dll+0x3f0256]
V  [jvm.dll+0x851f8b]
V  [jvm.dll+0x6cc5ed]
C  [ucrtbase.dll+0x29333]
C  [KERNEL32.DLL+0x1259d]
C  [ntdll.dll+0x5af38]


---------------  P R O C E S S  ---------------

Threads class SMR info:
_java_thread_list=0x000001e776ff8870, length=40, elements={
0x000001e756f899f0, 0x000001e76d59b000, 0x000001e76d59c0b0, 0x000001e76d5a0190,
0x000001e76d5a1060, 0x000001e76d5a3cc0, 0x000001e76d5a7170, 0x000001e76d5ac330,
0x000001e76d5c0400, 0x000001e7730d04a0, 0x000001e77334cf70, 0x000001e7738450c0,
0x000001e773deb590, 0x000001e773aaba70, 0x000001e773e0f0a0, 0x000001e7743cfb30,
0x000001e7743704a0, 0x000001e773aa7ab0, 0x000001e773aa8140, 0x000001e773aaaf30,
0x000001e773aa94f0, 0x000001e773aa9b80, 0x000001e7749547f0, 0x000001e773aaa210,
0x000001e773aa87d0, 0x000001e7748df780, 0x000001e7748dfe10, 0x000001e7748e04a0,
0x000001e7748ddd40, 0x000001e7748e0b30, 0x000001e7748e11c0, 0x000001e7748de3d0,
0x000001e7748dea60, 0x000001e7748df0f0, 0x000001e77659c240, 0x000001e77659c8d0,
0x000001e776598dc0, 0x000001e77659dc80, 0x000001e776599450, 0x000001e77659cf60
}

Java Threads: ( => current thread )
  0x000001e756f899f0 JavaThread "main"                              [_thread_blocked, id=21060, stack(0x000000655e600000,0x000000655e700000) (1024K)]
  0x000001e76d59b000 JavaThread "Reference Handler"          daemon [_thread_blocked, id=64276, stack(0x000000655ea00000,0x000000655eb00000) (1024K)]
  0x000001e76d59c0b0 JavaThread "Finalizer"                  daemon [_thread_blocked, id=69116, stack(0x000000655eb00000,0x000000655ec00000) (1024K)]
  0x000001e76d5a0190 JavaThread "Signal Dispatcher"          daemon [_thread_blocked, id=65328, stack(0x000000655ec00000,0x000000655ed00000) (1024K)]
  0x000001e76d5a1060 JavaThread "Attach Listener"            daemon [_thread_blocked, id=70584, stack(0x000000655ed00000,0x000000655ee00000) (1024K)]
  0x000001e76d5a3cc0 JavaThread "Service Thread"             daemon [_thread_blocked, id=66200, stack(0x000000655ee00000,0x000000655ef00000) (1024K)]
  0x000001e76d5a7170 JavaThread "Monitor Deflation Thread"   daemon [_thread_blocked, id=13148, stack(0x000000655ef00000,0x000000655f000000) (1024K)]
=>0x000001e76d5ac330 JavaThread "C2 CompilerThread0"         daemon [_thread_in_native, id=45104, stack(0x000000655f000000,0x000000655f100000) (1024K)]
  0x000001e76d5c0400 JavaThread "C1 CompilerThread0"         daemon [_thread_in_native, id=74304, stack(0x000000655f100000,0x000000655f200000) (1024K)]
  0x000001e7730d04a0 JavaThread "Common-Cleaner"             daemon [_thread_blocked, id=24480, stack(0x000000655f200000,0x000000655f300000) (1024K)]
  0x000001e77334cf70 JavaThread "Notification Thread"        daemon [_thread_blocked, id=63348, stack(0x000000655f400000,0x000000655f500000) (1024K)]
  0x000001e7738450c0 JavaThread "Active Thread: Equinox Container: 82ea1299-2ac9-42d6-a968-37b26f9a94c8"        [_thread_blocked, id=74176, stack(0x000000655fb00000,0x000000655fc00000) (1024K)]
  0x000001e773deb590 JavaThread "Refresh Thread: Equinox Container: 82ea1299-2ac9-42d6-a968-37b26f9a94c8" daemon [_thread_blocked, id=43212, stack(0x000000655fc00000,0x000000655fd00000) (1024K)]
  0x000001e773aaba70 JavaThread "Framework Event Dispatcher: Equinox Container: 82ea1299-2ac9-42d6-a968-37b26f9a94c8" daemon [_thread_blocked, id=15308, stack(0x000000655fe00000,0x000000655ff00000) (1024K)]
  0x000001e773e0f0a0 JavaThread "Start Level: Equinox Container: 82ea1299-2ac9-42d6-a968-37b26f9a94c8" daemon [_thread_blocked, id=38000, stack(0x000000655ff00000,0x0000006560000000) (1024K)]
  0x000001e7743cfb30 JavaThread "Bundle File Closer"         daemon [_thread_blocked, id=73756, stack(0x0000006560000000,0x0000006560100000) (1024K)]
  0x000001e7743704a0 JavaThread "SCR Component Actor"        daemon [_thread_blocked, id=34784, stack(0x0000006560100000,0x0000006560200000) (1024K)]
  0x000001e773aa7ab0 JavaThread "SCR Component Registry"     daemon [_thread_blocked, id=73932, stack(0x0000006560200000,0x0000006560300000) (1024K)]
  0x000001e773aa8140 JavaThread "Worker-JM"                         [_thread_blocked, id=13464, stack(0x0000006560300000,0x0000006560400000) (1024K)]
  0x000001e773aaaf30 JavaThread "JNA Cleaner"                daemon [_thread_blocked, id=69892, stack(0x000000655f300000,0x000000655f400000) (1024K)]
  0x000001e773aa94f0 JavaThread "Worker-0: Initialize After Load"        [_thread_in_Java, id=60912, stack(0x0000006560400000,0x0000006560500000) (1024K)]
  0x000001e773aa9b80 JavaThread "Worker-1: Loading available Gradle versions"        [_thread_in_native, id=22432, stack(0x0000006560500000,0x0000006560600000) (1024K)]
  0x000001e7749547f0 JavaThread "C2 CompilerThread1"         daemon [_thread_in_native, id=58068, stack(0x0000006560600000,0x0000006560700000) (1024K)]
  0x000001e773aaa210 JavaThread "Java indexing"              daemon [_thread_blocked, id=67152, stack(0x0000006560700000,0x0000006560800000) (1024K)]
  0x000001e773aa87d0 JavaThread "Worker-2"                          [_thread_blocked, id=58804, stack(0x0000006560800000,0x0000006560900000) (1024K)]
  0x000001e7748df780 JavaThread "Worker-3"                          [_thread_blocked, id=68556, stack(0x0000006560900000,0x0000006560a00000) (1024K)]
  0x000001e7748dfe10 JavaThread "Thread-2"                   daemon [_thread_in_native, id=57080, stack(0x0000006560a00000,0x0000006560b00000) (1024K)]
  0x000001e7748e04a0 JavaThread "Thread-3"                   daemon [_thread_in_native, id=23172, stack(0x0000006560b00000,0x0000006560c00000) (1024K)]
  0x000001e7748ddd40 JavaThread "Thread-4"                   daemon [_thread_in_native, id=74488, stack(0x0000006560c00000,0x0000006560d00000) (1024K)]
  0x000001e7748e0b30 JavaThread "Thread-5"                   daemon [_thread_in_native, id=55432, stack(0x0000006560d00000,0x0000006560e00000) (1024K)]
  0x000001e7748e11c0 JavaThread "Thread-6"                   daemon [_thread_in_native, id=73152, stack(0x0000006560e00000,0x0000006560f00000) (1024K)]
  0x000001e7748de3d0 JavaThread "Thread-7"                   daemon [_thread_in_native, id=26072, stack(0x0000006560f00000,0x0000006561000000) (1024K)]
  0x000001e7748dea60 JavaThread "Thread-8"                   daemon [_thread_in_native, id=66392, stack(0x0000006561000000,0x0000006561100000) (1024K)]
  0x000001e7748df0f0 JavaThread "Thread-9"                   daemon [_thread_in_native, id=69468, stack(0x0000006561100000,0x0000006561200000) (1024K)]
  0x000001e77659c240 JavaThread "Thread-10"                  daemon [_thread_in_native, id=53932, stack(0x0000006561200000,0x0000006561300000) (1024K)]
  0x000001e77659c8d0 JavaThread "pool-2-thread-1"                   [_thread_blocked, id=68872, stack(0x0000006561300000,0x0000006561400000) (1024K)]
  0x000001e776598dc0 JavaThread "Worker-4"                          [_thread_blocked, id=41620, stack(0x0000006561400000,0x0000006561500000) (1024K)]
  0x000001e77659dc80 JavaThread "Worker-5: Java indexing... "        [_thread_blocked, id=73264, stack(0x0000006561600000,0x0000006561700000) (1024K)]
  0x000001e776599450 JavaThread "WorkspaceEventsHandler"            [_thread_blocked, id=64888, stack(0x0000006561700000,0x0000006561800000) (1024K)]
  0x000001e77659cf60 JavaThread "pool-1-thread-1"                   [_thread_blocked, id=16756, stack(0x0000006561800000,0x0000006561900000) (1024K)]
Total: 40

Other Threads:
  0x000001e76d593660 VMThread "VM Thread"                           [id=41996, stack(0x000000655e900000,0x000000655ea00000) (1024K)]
  0x000001e75924dc00 WatcherThread "VM Periodic Task Thread"        [id=66828, stack(0x000000655e800000,0x000000655e900000) (1024K)]
  0x000001e759201aa0 WorkerThread "GC Thread#0"                     [id=70624, stack(0x000000655e700000,0x000000655e800000) (1024K)]
  0x000001e773593410 WorkerThread "GC Thread#1"                     [id=73740, stack(0x000000655f500000,0x000000655f600000) (1024K)]
  0x000001e773925ad0 WorkerThread "GC Thread#2"                     [id=23056, stack(0x000000655f600000,0x000000655f700000) (1024K)]
  0x000001e7735937b0 WorkerThread "GC Thread#3"                     [id=18960, stack(0x000000655f700000,0x000000655f800000) (1024K)]
  0x000001e773bd06f0 WorkerThread "GC Thread#4"                     [id=65744, stack(0x000000655f800000,0x000000655f900000) (1024K)]
  0x000001e773be7c20 WorkerThread "GC Thread#5"                     [id=36312, stack(0x000000655f900000,0x000000655fa00000) (1024K)]
  0x000001e773be74e0 WorkerThread "GC Thread#6"                     [id=37196, stack(0x000000655fa00000,0x000000655fb00000) (1024K)]
  0x000001e773be7fc0 WorkerThread "GC Thread#7"                     [id=49372, stack(0x000000655fd00000,0x000000655fe00000) (1024K)]
Total: 10

Threads with active compile tasks:
C2 CompilerThread0  6080 6763   !   4       java.nio.file.FileTreeWalker::next (144 bytes)
C2 CompilerThread1  6080 6042       4       java.lang.invoke.MemberName::getMethodOrFieldType (72 bytes)
Total: 2

VM state: not at safepoint (normal execution)

VM Mutex/Monitor currently owned by a thread: None

Heap address: 0x00000000c0000000, size: 1024 MB, Compressed Oops mode: 32-bit

CDS archive(s) mapped at: [0x000001e700000000-0x000001e700ba0000-0x000001e700ba0000), size 12189696, SharedBaseAddress: 0x000001e700000000, ArchiveRelocationMode: 1.
Compressed class space mapped at: 0x000001e701000000-0x000001e741000000, reserved size: 1073741824
Narrow klass base: 0x000001e700000000, Narrow klass shift: 0, Narrow klass range: 0x100000000

GC Precious Log:
 CardTable entry size: 512
 CPUs: 8 total, 8 available
 Memory: 16167M
 Large Page Support: Disabled
 NUMA Support: Disabled
 Compressed Oops: Enabled (32-bit)
 Alignments: Space 512K, Generation 512K, Heap 2M
 Heap Min Capacity: 100M
 Heap Initial Capacity: 100M
 Heap Max Capacity: 1G
 Pre-touch: Disabled
 Parallel Workers: 8

Heap:
 PSYoungGen      total 25088K, used 24117K [0x00000000eab00000, 0x00000000ec680000, 0x0000000100000000)
  eden space 22016K, 97% used [0x00000000eab00000,0x00000000ebfdf878,0x00000000ec080000)
  from space 3072K, 89% used [0x00000000ec380000,0x00000000ec62df18,0x00000000ec680000)
  to   space 3072K, 0% used [0x00000000ec080000,0x00000000ec080000,0x00000000ec380000)
 ParOldGen       total 68608K, used 28213K [0x00000000c0000000, 0x00000000c4300000, 0x00000000eab00000)
  object space 68608K, 41% used [0x00000000c0000000,0x00000000c1b8d598,0x00000000c4300000)
 Metaspace       used 49552K, committed 50688K, reserved 1114112K
  class space    used 5285K, committed 5760K, reserved 1048576K

Card table byte_map: [0x000001e758bb0000,0x000001e758dc0000] _byte_map_base: 0x000001e7585b0000

Marking Bits: (ParMarkBitMap*) 0x00007ffae91d3260
 Begin Bits: [0x000001e76b3d0000, 0x000001e76c3d0000)
 End Bits:   [0x000001e76c3d0000, 0x000001e76d3d0000)

Polling page: 0x000001e7589a0000

Metaspace:

Usage:
  Non-class:     43.23 MB used.
      Class:      5.16 MB used.
       Both:     48.39 MB used.

Virtual space:
  Non-class space:       64.00 MB reserved,      43.88 MB ( 69%) committed,  1 nodes.
      Class space:        1.00 GB reserved,       5.62 MB ( <1%) committed,  1 nodes.
             Both:        1.06 GB reserved,      49.50 MB (  5%) committed. 

Chunk freelists:
   Non-Class:  3.53 MB
       Class:  10.33 MB
        Both:  13.86 MB

MaxMetaspaceSize: unlimited
CompressedClassSpaceSize: 1.00 GB
Initial GC threshold: 21.00 MB
Current GC threshold: 58.38 MB
CDS: on
 - commit_granule_bytes: 65536.
 - commit_granule_words: 8192.
 - virtual_space_node_default_size: 8388608.
 - enlarge_chunks_in_place: 1.
 - use_allocation_guard: 0.


Internal statistics:

num_allocs_failed_limit: 6.
num_arena_births: 834.
num_arena_deaths: 14.
num_vsnodes_births: 2.
num_vsnodes_deaths: 0.
num_space_committed: 792.
num_space_uncommitted: 0.
num_chunks_returned_to_freelist: 20.
num_chunks_taken_from_freelist: 2824.
num_chunk_merges: 7.
num_chunk_splits: 1801.
num_chunks_enlarged: 1109.
num_inconsistent_stats: 0.

CodeHeap 'non-profiled nmethods': size=120000Kb used=2988Kb max_used=2988Kb free=117011Kb
 bounds [0x000001e763ea0000, 0x000001e764190000, 0x000001e76b3d0000]
CodeHeap 'profiled nmethods': size=120000Kb used=12605Kb max_used=12605Kb free=107395Kb
 bounds [0x000001e75c3d0000, 0x000001e75d020000, 0x000001e763900000]
CodeHeap 'non-nmethods': size=5760Kb used=1425Kb max_used=1473Kb free=4334Kb
 bounds [0x000001e763900000, 0x000001e763b70000, 0x000001e763ea0000]
 total_blobs=6940 nmethods=6221 adapters=625
 compilation: enabled
              stopped_count=0, restarted_count=0
 full_count=0

Compilation events (20 events):
Event: 6.048 Thread 0x000001e76d5c0400 nmethod 6775 0x000001e75d010f90 code [0x000001e75d011140, 0x000001e75d011340]
Event: 6.048 Thread 0x000001e76d5c0400 6776 %     3       org.eclipse.jdt.internal.core.search.indexing.BinaryIndexer::extractReferenceFromConstantPool @ 155 (358 bytes)
Event: 6.050 Thread 0x000001e76d5c0400 nmethod 6776% 0x000001e75d011490 code [0x000001e75d011880, 0x000001e75d0136d0]
Event: 6.050 Thread 0x000001e76d5c0400 6777   !   2       java.io.File::toPath (54 bytes)
Event: 6.050 Thread 0x000001e76d5c0400 nmethod 6777 0x000001e75d014310 code [0x000001e75d0144c0, 0x000001e75d014810]
Event: 6.058 Thread 0x000001e76d5c0400 6779       1       jdk.internal.jimage.ImageReader$Resource::isResource (2 bytes)
Event: 6.058 Thread 0x000001e76d5c0400 nmethod 6779 0x000001e764188f90 code [0x000001e764189120, 0x000001e7641891e8]
Event: 6.058 Thread 0x000001e76d5c0400 6780       1       jdk.internal.jimage.ImageReader$Resource::getLocation (5 bytes)
Event: 6.058 Thread 0x000001e76d5c0400 nmethod 6780 0x000001e764189290 code [0x000001e764189420, 0x000001e7641894e8]
Event: 6.058 Thread 0x000001e76d5c0400 6781       1       org.eclipse.jdt.internal.compiler.classfmt.ClassFileReader::getModuleDeclaration (5 bytes)
Event: 6.059 Thread 0x000001e76d5c0400 nmethod 6781 0x000001e764189590 code [0x000001e764189720, 0x000001e7641897e8]
Event: 6.059 Thread 0x000001e76d5c0400 6782       1       jdk.internal.jrtfs.JrtFileSystem$1::size (5 bytes)
Event: 6.059 Thread 0x000001e76d5c0400 nmethod 6782 0x000001e764189890 code [0x000001e764189a20, 0x000001e764189ae8]
Event: 6.059 Thread 0x000001e76d5c0400 6783       3       java.util.ArrayList::equalsRange (85 bytes)
Event: 6.059 Thread 0x000001e76d5c0400 nmethod 6783 0x000001e75d014990 code [0x000001e75d014be0, 0x000001e75d0154d0]
Event: 6.059 Thread 0x000001e76d5c0400 6786       3       org.eclipse.jdt.core.compiler.CharOperation::concat (46 bytes)
Event: 6.060 Thread 0x000001e76d5c0400 nmethod 6786 0x000001e75d015790 code [0x000001e75d015960, 0x000001e75d015cf8]
Event: 6.060 Thread 0x000001e76d5c0400 6784       2       java.lang.invoke.DirectMethodHandle$Holder::invokeStatic (17 bytes)
Event: 6.060 Thread 0x000001e76d5c0400 nmethod 6784 0x000001e75d015e90 code [0x000001e75d016040, 0x000001e75d0161a8]
Event: 6.060 Thread 0x000001e76d5c0400 6785       2       java.lang.invoke.LambdaForm$MH/0x000001e7011d1400::invoke (32 bytes)

GC Heap History (20 events):
Event: 4.091 GC heap before
{Heap before GC invocations=13 (full 1):
 PSYoungGen      total 25600K, used 25414K [0x00000000eab00000, 0x00000000ece00000, 0x0000000100000000)
  eden space 22528K, 99% used [0x00000000eab00000,0x00000000ec0d2da0,0x00000000ec100000)
  from space 3072K, 99% used [0x00000000ec380000,0x00000000ec67ead0,0x00000000ec680000)
  to   space 6656K, 0% used [0x00000000ec780000,0x00000000ec780000,0x00000000ece00000)
 ParOldGen       total 68608K, used 17382K [0x00000000c0000000, 0x00000000c4300000, 0x00000000eab00000)
  object space 68608K, 25% used [0x00000000c0000000,0x00000000c10f9a00,0x00000000c4300000)
 Metaspace       used 34832K, committed 35840K, reserved 1114112K
  class space    used 3439K, committed 3840K, reserved 1048576K
}
Event: 4.093 GC heap after
{Heap after GC invocations=13 (full 1):
 PSYoungGen      total 24576K, used 1760K [0x00000000eab00000, 0x00000000ec980000, 0x0000000100000000)
  eden space 22528K, 0% used [0x00000000eab00000,0x00000000eab00000,0x00000000ec100000)
  from space 2048K, 85% used [0x00000000ec780000,0x00000000ec938000,0x00000000ec980000)
  to   space 3584K, 0% used [0x00000000ec280000,0x00000000ec280000,0x00000000ec600000)
 ParOldGen       total 68608K, used 18796K [0x00000000c0000000, 0x00000000c4300000, 0x00000000eab00000)
  object space 68608K, 27% used [0x00000000c0000000,0x00000000c125b0c0,0x00000000c4300000)
 Metaspace       used 34832K, committed 35840K, reserved 1114112K
  class space    used 3439K, committed 3840K, reserved 1048576K
}
Event: 4.093 GC heap before
{Heap before GC invocations=14 (full 2):
 PSYoungGen      total 24576K, used 1760K [0x00000000eab00000, 0x00000000ec980000, 0x0000000100000000)
  eden space 22528K, 0% used [0x00000000eab00000,0x00000000eab00000,0x00000000ec100000)
  from space 2048K, 85% used [0x00000000ec780000,0x00000000ec938000,0x00000000ec980000)
  to   space 3584K, 0% used [0x00000000ec280000,0x00000000ec280000,0x00000000ec600000)
 ParOldGen       total 68608K, used 18796K [0x00000000c0000000, 0x00000000c4300000, 0x00000000eab00000)
  object space 68608K, 27% used [0x00000000c0000000,0x00000000c125b0c0,0x00000000c4300000)
 Metaspace       used 34832K, committed 35840K, reserved 1114112K
  class space    used 3439K, committed 3840K, reserved 1048576K
}
Event: 4.123 GC heap after
{Heap after GC invocations=14 (full 2):
 PSYoungGen      total 24576K, used 0K [0x00000000eab00000, 0x00000000ec980000, 0x0000000100000000)
  eden space 22528K, 0% used [0x00000000eab00000,0x00000000eab00000,0x00000000ec100000)
  from space 2048K, 0% used [0x00000000ec780000,0x00000000ec780000,0x00000000ec980000)
  to   space 3584K, 0% used [0x00000000ec280000,0x00000000ec280000,0x00000000ec600000)
 ParOldGen       total 68608K, used 18862K [0x00000000c0000000, 0x00000000c4300000, 0x00000000eab00000)
  object space 68608K, 27% used [0x00000000c0000000,0x00000000c126b810,0x00000000c4300000)
 Metaspace       used 34832K, committed 35840K, reserved 1114112K
  class space    used 3439K, committed 3840K, reserved 1048576K
}
Event: 4.249 GC heap before
{Heap before GC invocations=15 (full 2):
 PSYoungGen      total 24576K, used 22523K [0x00000000eab00000, 0x00000000ec980000, 0x0000000100000000)
  eden space 22528K, 99% used [0x00000000eab00000,0x00000000ec0fef90,0x00000000ec100000)
  from space 2048K, 0% used [0x00000000ec780000,0x00000000ec780000,0x00000000ec980000)
  to   space 3584K, 0% used [0x00000000ec280000,0x00000000ec280000,0x00000000ec600000)
 ParOldGen       total 68608K, used 18862K [0x00000000c0000000, 0x00000000c4300000, 0x00000000eab00000)
  object space 68608K, 27% used [0x00000000c0000000,0x00000000c126b810,0x00000000c4300000)
 Metaspace       used 37868K, committed 38976K, reserved 1114112K
  class space    used 3847K, committed 4352K, reserved 1048576K
}
Event: 4.251 GC heap after
{Heap after GC invocations=15 (full 2):
 PSYoungGen      total 25600K, used 1104K [0x00000000eab00000, 0x00000000ec800000, 0x0000000100000000)
  eden space 22016K, 0% used [0x00000000eab00000,0x00000000eab00000,0x00000000ec080000)
  from space 3584K, 30% used [0x00000000ec280000,0x00000000ec394270,0x00000000ec600000)
  to   space 2048K, 0% used [0x00000000ec600000,0x00000000ec600000,0x00000000ec800000)
 ParOldGen       total 68608K, used 18870K [0x00000000c0000000, 0x00000000c4300000, 0x00000000eab00000)
  object space 68608K, 27% used [0x00000000c0000000,0x00000000c126d810,0x00000000c4300000)
 Metaspace       used 37868K, committed 38976K, reserved 1114112K
  class space    used 3847K, committed 4352K, reserved 1048576K
}
Event: 4.448 GC heap before
{Heap before GC invocations=16 (full 2):
 PSYoungGen      total 25600K, used 23120K [0x00000000eab00000, 0x00000000ec800000, 0x0000000100000000)
  eden space 22016K, 100% used [0x00000000eab00000,0x00000000ec080000,0x00000000ec080000)
  from space 3584K, 30% used [0x00000000ec280000,0x00000000ec394270,0x00000000ec600000)
  to   space 2048K, 0% used [0x00000000ec600000,0x00000000ec600000,0x00000000ec800000)
 ParOldGen       total 68608K, used 18870K [0x00000000c0000000, 0x00000000c4300000, 0x00000000eab00000)
  object space 68608K, 27% used [0x00000000c0000000,0x00000000c126d810,0x00000000c4300000)
 Metaspace       used 39337K, committed 40512K, reserved 1114112K
  class space    used 4024K, committed 4544K, reserved 1048576K
}
Event: 4.449 GC heap after
{Heap after GC invocations=16 (full 2):
 PSYoungGen      total 23040K, used 960K [0x00000000eab00000, 0x00000000ec700000, 0x0000000100000000)
  eden space 22016K, 0% used [0x00000000eab00000,0x00000000eab00000,0x00000000ec080000)
  from space 1024K, 93% used [0x00000000ec600000,0x00000000ec6f0000,0x00000000ec700000)
  to   space 1536K, 0% used [0x00000000ec400000,0x00000000ec400000,0x00000000ec580000)
 ParOldGen       total 68608K, used 19622K [0x00000000c0000000, 0x00000000c4300000, 0x00000000eab00000)
  object space 68608K, 28% used [0x00000000c0000000,0x00000000c1329830,0x00000000c4300000)
 Metaspace       used 39337K, committed 40512K, reserved 1114112K
  class space    used 4024K, committed 4544K, reserved 1048576K
}
Event: 4.721 GC heap before
{Heap before GC invocations=17 (full 2):
 PSYoungGen      total 23040K, used 22976K [0x00000000eab00000, 0x00000000ec700000, 0x0000000100000000)
  eden space 22016K, 100% used [0x00000000eab00000,0x00000000ec080000,0x00000000ec080000)
  from space 1024K, 93% used [0x00000000ec600000,0x00000000ec6f0000,0x00000000ec700000)
  to   space 1536K, 0% used [0x00000000ec400000,0x00000000ec400000,0x00000000ec580000)
 ParOldGen       total 68608K, used 19622K [0x00000000c0000000, 0x00000000c4300000, 0x00000000eab00000)
  object space 68608K, 28% used [0x00000000c0000000,0x00000000c1329830,0x00000000c4300000)
 Metaspace       used 41517K, committed 42688K, reserved 1114112K
  class space    used 4294K, committed 4800K, reserved 1048576K
}
Event: 4.723 GC heap after
{Heap after GC invocations=17 (full 2):
 PSYoungGen      total 23552K, used 832K [0x00000000eab00000, 0x00000000ec680000, 0x0000000100000000)
  eden space 22016K, 0% used [0x00000000eab00000,0x00000000eab00000,0x00000000ec080000)
  from space 1536K, 54% used [0x00000000ec400000,0x00000000ec4d0000,0x00000000ec580000)
  to   space 1024K, 0% used [0x00000000ec580000,0x00000000ec580000,0x00000000ec680000)
 ParOldGen       total 68608K, used 20350K [0x00000000c0000000, 0x00000000c4300000, 0x00000000eab00000)
  object space 68608K, 29% used [0x00000000c0000000,0x00000000c13df830,0x00000000c4300000)
 Metaspace       used 41517K, committed 42688K, reserved 1114112K
  class space    used 4294K, committed 4800K, reserved 1048576K
}
Event: 5.064 GC heap before
{Heap before GC invocations=18 (full 2):
 PSYoungGen      total 23552K, used 22848K [0x00000000eab00000, 0x00000000ec680000, 0x0000000100000000)
  eden space 22016K, 100% used [0x00000000eab00000,0x00000000ec080000,0x00000000ec080000)
  from space 1536K, 54% used [0x00000000ec400000,0x00000000ec4d0000,0x00000000ec580000)
  to   space 1024K, 0% used [0x00000000ec580000,0x00000000ec580000,0x00000000ec680000)
 ParOldGen       total 68608K, used 20350K [0x00000000c0000000, 0x00000000c4300000, 0x00000000eab00000)
  object space 68608K, 29% used [0x00000000c0000000,0x00000000c13df830,0x00000000c4300000)
 Metaspace       used 43997K, committed 45120K, reserved 1114112K
  class space    used 4617K, committed 5120K, reserved 1048576K
}
Event: 5.065 GC heap after
{Heap after GC invocations=18 (full 2):
 PSYoungGen      total 23040K, used 1024K [0x00000000eab00000, 0x00000000ec680000, 0x0000000100000000)
  eden space 22016K, 0% used [0x00000000eab00000,0x00000000eab00000,0x00000000ec080000)
  from space 1024K, 100% used [0x00000000ec580000,0x00000000ec680000,0x00000000ec680000)
  to   space 2048K, 0% used [0x00000000ec280000,0x00000000ec280000,0x00000000ec480000)
 ParOldGen       total 68608K, used 21162K [0x00000000c0000000, 0x00000000c4300000, 0x00000000eab00000)
  object space 68608K, 30% used [0x00000000c0000000,0x00000000c14aa840,0x00000000c4300000)
 Metaspace       used 43997K, committed 45120K, reserved 1114112K
  class space    used 4617K, committed 5120K, reserved 1048576K
}
Event: 5.611 GC heap before
{Heap before GC invocations=19 (full 2):
 PSYoungGen      total 23040K, used 23017K [0x00000000eab00000, 0x00000000ec680000, 0x0000000100000000)
  eden space 22016K, 99% used [0x00000000eab00000,0x00000000ec07a5c8,0x00000000ec080000)
  from space 1024K, 100% used [0x00000000ec580000,0x00000000ec680000,0x00000000ec680000)
  to   space 2048K, 0% used [0x00000000ec280000,0x00000000ec280000,0x00000000ec480000)
 ParOldGen       total 68608K, used 21162K [0x00000000c0000000, 0x00000000c4300000, 0x00000000eab00000)
  object space 68608K, 30% used [0x00000000c0000000,0x00000000c14aa840,0x00000000c4300000)
 Metaspace       used 46440K, committed 47552K, reserved 1114112K
  class space    used 4931K, committed 5376K, reserved 1048576K
}
Event: 5.615 GC heap after
{Heap after GC invocations=19 (full 2):
 PSYoungGen      total 24064K, used 1555K [0x00000000eab00000, 0x00000000ec600000, 0x0000000100000000)
  eden space 22016K, 0% used [0x00000000eab00000,0x00000000eab00000,0x00000000ec080000)
  from space 2048K, 75% used [0x00000000ec280000,0x00000000ec404d08,0x00000000ec480000)
  to   space 1536K, 0% used [0x00000000ec480000,0x00000000ec480000,0x00000000ec600000)
 ParOldGen       total 68608K, used 22919K [0x00000000c0000000, 0x00000000c4300000, 0x00000000eab00000)
  object space 68608K, 33% used [0x00000000c0000000,0x00000000c1661d50,0x00000000c4300000)
 Metaspace       used 46440K, committed 47552K, reserved 1114112K
  class space    used 4931K, committed 5376K, reserved 1048576K
}
Event: 5.788 GC heap before
{Heap before GC invocations=20 (full 2):
 PSYoungGen      total 24064K, used 23571K [0x00000000eab00000, 0x00000000ec600000, 0x0000000100000000)
  eden space 22016K, 100% used [0x00000000eab00000,0x00000000ec080000,0x00000000ec080000)
  from space 2048K, 75% used [0x00000000ec280000,0x00000000ec404d08,0x00000000ec480000)
  to   space 1536K, 0% used [0x00000000ec480000,0x00000000ec480000,0x00000000ec600000)
 ParOldGen       total 68608K, used 22919K [0x00000000c0000000, 0x00000000c4300000, 0x00000000eab00000)
  object space 68608K, 33% used [0x00000000c0000000,0x00000000c1661d50,0x00000000c4300000)
 Metaspace       used 48508K, committed 49664K, reserved 1114112K
  class space    used 5174K, committed 5632K, reserved 1048576K
}
Event: 5.792 GC heap after
{Heap after GC invocations=20 (full 2):
 PSYoungGen      total 23552K, used 1513K [0x00000000eab00000, 0x00000000ec780000, 0x0000000100000000)
  eden space 22016K, 0% used [0x00000000eab00000,0x00000000eab00000,0x00000000ec080000)
  from space 1536K, 98% used [0x00000000ec480000,0x00000000ec5fa4c0,0x00000000ec600000)
  to   space 3584K, 0% used [0x00000000ec080000,0x00000000ec080000,0x00000000ec400000)
 ParOldGen       total 68608K, used 24478K [0x00000000c0000000, 0x00000000c4300000, 0x00000000eab00000)
  object space 68608K, 35% used [0x00000000c0000000,0x00000000c17e7bd8,0x00000000c4300000)
 Metaspace       used 48508K, committed 49664K, reserved 1114112K
  class space    used 5174K, committed 5632K, reserved 1048576K
}
Event: 5.859 GC heap before
{Heap before GC invocations=21 (full 2):
 PSYoungGen      total 23552K, used 23517K [0x00000000eab00000, 0x00000000ec780000, 0x0000000100000000)
  eden space 22016K, 99% used [0x00000000eab00000,0x00000000ec07cf48,0x00000000ec080000)
  from space 1536K, 98% used [0x00000000ec480000,0x00000000ec5fa4c0,0x00000000ec600000)
  to   space 3584K, 0% used [0x00000000ec080000,0x00000000ec080000,0x00000000ec400000)
 ParOldGen       total 68608K, used 24478K [0x00000000c0000000, 0x00000000c4300000, 0x00000000eab00000)
  object space 68608K, 35% used [0x00000000c0000000,0x00000000c17e7bd8,0x00000000c4300000)
 Metaspace       used 49280K, committed 50432K, reserved 1114112K
  class space    used 5264K, committed 5760K, reserved 1048576K
}
Event: 5.862 GC heap after
{Heap after GC invocations=21 (full 2):
 PSYoungGen      total 24576K, used 2487K [0x00000000eab00000, 0x00000000ec680000, 0x0000000100000000)
  eden space 22016K, 0% used [0x00000000eab00000,0x00000000eab00000,0x00000000ec080000)
  from space 2560K, 97% used [0x00000000ec080000,0x00000000ec2edd30,0x00000000ec300000)
  to   space 3072K, 0% used [0x00000000ec380000,0x00000000ec380000,0x00000000ec680000)
 ParOldGen       total 68608K, used 25957K [0x00000000c0000000, 0x00000000c4300000, 0x00000000eab00000)
  object space 68608K, 37% used [0x00000000c0000000,0x00000000c1959410,0x00000000c4300000)
 Metaspace       used 49280K, committed 50432K, reserved 1114112K
  class space    used 5264K, committed 5760K, reserved 1048576K
}
Event: 5.958 GC heap before
{Heap before GC invocations=22 (full 2):
 PSYoungGen      total 24576K, used 24503K [0x00000000eab00000, 0x00000000ec680000, 0x0000000100000000)
  eden space 22016K, 100% used [0x00000000eab00000,0x00000000ec080000,0x00000000ec080000)
  from space 2560K, 97% used [0x00000000ec080000,0x00000000ec2edd30,0x00000000ec300000)
  to   space 3072K, 0% used [0x00000000ec380000,0x00000000ec380000,0x00000000ec680000)
 ParOldGen       total 68608K, used 25957K [0x00000000c0000000, 0x00000000c4300000, 0x00000000eab00000)
  object space 68608K, 37% used [0x00000000c0000000,0x00000000c1959410,0x00000000c4300000)
 Metaspace       used 49493K, committed 50624K, reserved 1114112K
  class space    used 5285K, committed 5760K, reserved 1048576K
}
Event: 5.961 GC heap after
{Heap after GC invocations=22 (full 2):
 PSYoungGen      total 25088K, used 2743K [0x00000000eab00000, 0x00000000ec680000, 0x0000000100000000)
  eden space 22016K, 0% used [0x00000000eab00000,0x00000000eab00000,0x00000000ec080000)
  from space 3072K, 89% used [0x00000000ec380000,0x00000000ec62df18,0x00000000ec680000)
  to   space 3072K, 0% used [0x00000000ec080000,0x00000000ec080000,0x00000000ec380000)
 ParOldGen       total 68608K, used 28213K [0x00000000c0000000, 0x00000000c4300000, 0x00000000eab00000)
  object space 68608K, 41% used [0x00000000c0000000,0x00000000c1b8d598,0x00000000c4300000)
 Metaspace       used 49493K, committed 50624K, reserved 1114112K
  class space    used 5285K, committed 5760K, reserved 1048576K
}

Dll operation events (12 events):
Event: 0.012 Loaded shared library c:\Users\XIAOMI\.vscode\extensions\redhat.java-1.40.0-win32-x64\jre\21.0.6-win32-x86_64\bin\java.dll
Event: 0.048 Loaded shared library c:\Users\XIAOMI\.vscode\extensions\redhat.java-1.40.0-win32-x64\jre\21.0.6-win32-x86_64\bin\zip.dll
Event: 0.131 Loaded shared library C:\Users\XIAOMI\.vscode\extensions\redhat.java-1.40.0-win32-x64\jre\21.0.6-win32-x86_64\bin\instrument.dll
Event: 0.135 Loaded shared library C:\Users\XIAOMI\.vscode\extensions\redhat.java-1.40.0-win32-x64\jre\21.0.6-win32-x86_64\bin\net.dll
Event: 0.138 Loaded shared library C:\Users\XIAOMI\.vscode\extensions\redhat.java-1.40.0-win32-x64\jre\21.0.6-win32-x86_64\bin\nio.dll
Event: 0.142 Loaded shared library C:\Users\XIAOMI\.vscode\extensions\redhat.java-1.40.0-win32-x64\jre\21.0.6-win32-x86_64\bin\zip.dll
Event: 0.161 Loaded shared library C:\Users\XIAOMI\.vscode\extensions\redhat.java-1.40.0-win32-x64\jre\21.0.6-win32-x86_64\bin\jimage.dll
Event: 0.322 Loaded shared library c:\Users\XIAOMI\.vscode\extensions\redhat.java-1.40.0-win32-x64\jre\21.0.6-win32-x86_64\bin\verify.dll
Event: 1.308 Loaded shared library C:\Users\XIAOMI\AppData\Roaming\Code\User\globalStorage\redhat.java\1.40.0\config_win\org.eclipse.equinox.launcher\org.eclipse.equinox.launcher.win32.win32.x86_64_1.2.1200.v20250212-0927\eclipse_11909.dll
Event: 2.331 Loaded shared library C:\Users\XIAOMI\AppData\Local\Temp\jna--1706170181\jna2772112902128741395.dll
Event: 4.064 Loaded shared library C:\Users\XIAOMI\.vscode\extensions\redhat.java-1.40.0-win32-x64\jre\21.0.6-win32-x86_64\bin\sunmscapi.dll
Event: 4.161 Loaded shared library C:\Users\XIAOMI\.vscode\extensions\redhat.java-1.40.0-win32-x64\jre\21.0.6-win32-x86_64\bin\extnet.dll

Deoptimization events (20 events):
Event: 5.812 Thread 0x000001e773aa94f0 Uncommon trap: trap_request=0xffffff45 fr.pc=0x000001e76416462c relative=0x000000000000122c
Event: 5.812 Thread 0x000001e773aa94f0 Uncommon trap: reason=unstable_if action=reinterpret pc=0x000001e76416462c method=org.eclipse.jdt.internal.core.util.Util.splitOn(CLjava/lang/String;II)[Ljava/lang/String; @ 21 c2
Event: 5.812 Thread 0x000001e773aa94f0 DEOPT PACKING pc=0x000001e76416462c sp=0x00000065604fd3f0
Event: 5.812 Thread 0x000001e773aa94f0 DEOPT UNPACKING pc=0x000001e763956da2 sp=0x00000065604fd3b8 mode 2
Event: 5.837 Thread 0x000001e773aa94f0 Uncommon trap: trap_request=0xffffffc6 fr.pc=0x000001e7641680c4 relative=0x0000000000000524
Event: 5.837 Thread 0x000001e773aa94f0 Uncommon trap: reason=bimorphic_or_optimized_type_check action=maybe_recompile pc=0x000001e7641680c4 method=java.util.ArrayList.equalsRange(Ljava/util/List;II)Z @ 22 c2
Event: 5.837 Thread 0x000001e773aa94f0 DEOPT PACKING pc=0x000001e7641680c4 sp=0x00000065604fd700
Event: 5.837 Thread 0x000001e773aa94f0 DEOPT UNPACKING pc=0x000001e763956da2 sp=0x00000065604fd690 mode 2
Event: 5.838 Thread 0x000001e773aa94f0 Uncommon trap: trap_request=0xffffff76 fr.pc=0x000001e764167fe4 relative=0x0000000000000444
Event: 5.838 Thread 0x000001e773aa94f0 Uncommon trap: reason=predicate action=maybe_recompile pc=0x000001e764167fe4 method=java.util.ArrayList.equalsRange(Ljava/util/List;II)Z @ 31 c2
Event: 5.838 Thread 0x000001e773aa94f0 DEOPT PACKING pc=0x000001e764167fe4 sp=0x00000065604fd710
Event: 5.838 Thread 0x000001e773aa94f0 DEOPT UNPACKING pc=0x000001e763956da2 sp=0x00000065604fd698 mode 2
Event: 5.877 Thread 0x000001e773aaa210 Uncommon trap: trap_request=0xffffff6e fr.pc=0x000001e76416fa2c relative=0x00000000000003ec
Event: 5.877 Thread 0x000001e773aaa210 Uncommon trap: reason=loop_limit_check action=maybe_recompile pc=0x000001e76416fa2c method=org.eclipse.jdt.internal.compiler.classfmt.ClassFileStruct.utf8At(II)[C @ 143 c2
Event: 5.877 Thread 0x000001e773aaa210 DEOPT PACKING pc=0x000001e76416fa2c sp=0x00000065607feaf0
Event: 5.877 Thread 0x000001e773aaa210 DEOPT UNPACKING pc=0x000001e763956da2 sp=0x00000065607fea88 mode 2
Event: 6.058 Thread 0x000001e773aa94f0 Uncommon trap: trap_request=0xffffff45 fr.pc=0x000001e76417c0d4 relative=0x0000000000000494
Event: 6.058 Thread 0x000001e773aa94f0 Uncommon trap: reason=unstable_if action=reinterpret pc=0x000001e76417c0d4 method=java.util.ArrayList.equalsRange(Ljava/util/List;II)Z @ 41 c2
Event: 6.058 Thread 0x000001e773aa94f0 DEOPT PACKING pc=0x000001e76417c0d4 sp=0x00000065604fd6e0
Event: 6.058 Thread 0x000001e773aa94f0 DEOPT UNPACKING pc=0x000001e763956da2 sp=0x00000065604fd670 mode 2

Classes loaded (20 events):
Event: 5.705 Loading class java/nio/file/FileTreeWalker$Event
Event: 5.705 Loading class java/nio/file/FileTreeWalker$Event done
Event: 5.705 Loading class java/nio/file/FileTreeWalker$EventType
Event: 5.706 Loading class java/nio/file/FileTreeWalker$EventType done
Event: 5.706 Loading class java/nio/file/Files$3
Event: 5.706 Loading class java/nio/file/Files$3 done
Event: 5.706 Loading class java/nio/file/FileVisitResult
Event: 5.706 Loading class java/nio/file/FileVisitResult done
Event: 5.760 Loading class java/nio/channels/Channels$ReadableByteChannelImpl
Event: 5.760 Loading class java/nio/channels/Channels$ReadableByteChannelImpl done
Event: 5.760 Loading class java/nio/channels/NonWritableChannelException
Event: 5.760 Loading class java/nio/channels/NonWritableChannelException done
Event: 5.775 Loading class sun/security/ssl/KeyShareExtension$CHKeyShareSpec
Event: 5.775 Loading class sun/security/ssl/KeyShareExtension$CHKeyShareSpec done
Event: 5.776 Loading class sun/security/ssl/OutputRecord$T13PaddingHolder
Event: 5.776 Loading class sun/security/ssl/OutputRecord$T13PaddingHolder done
Event: 5.776 Loading class sun/security/ssl/ContentType
Event: 5.776 Loading class sun/security/ssl/ContentType done
Event: 5.865 Loading class java/util/AbstractList$ListItr
Event: 5.865 Loading class java/util/AbstractList$ListItr done

Classes unloaded (7 events):
Event: 3.139 Thread 0x000001e76d593660 Unloading class 0x000001e70119a000 'java/lang/invoke/LambdaForm$MH+0x000001e70119a000'
Event: 3.139 Thread 0x000001e76d593660 Unloading class 0x000001e701199c00 'java/lang/invoke/LambdaForm$MH+0x000001e701199c00'
Event: 3.139 Thread 0x000001e76d593660 Unloading class 0x000001e701199800 'java/lang/invoke/LambdaForm$MH+0x000001e701199800'
Event: 3.139 Thread 0x000001e76d593660 Unloading class 0x000001e701199400 'java/lang/invoke/LambdaForm$MH+0x000001e701199400'
Event: 3.139 Thread 0x000001e76d593660 Unloading class 0x000001e701199000 'java/lang/invoke/LambdaForm$BMH+0x000001e701199000'
Event: 3.139 Thread 0x000001e76d593660 Unloading class 0x000001e701198c00 'java/lang/invoke/LambdaForm$DMH+0x000001e701198c00'
Event: 3.139 Thread 0x000001e76d593660 Unloading class 0x000001e701193c00 'java/lang/invoke/LambdaForm$DMH+0x000001e701193c00'

Classes redefined (0 events):
No events

Internal exceptions (20 events):
Event: 5.518 Thread 0x000001e773aa94f0 Exception <a 'sun/nio/fs/WindowsException'{0x00000000ebc29380}> (0x00000000ebc29380) 
thrown [s\src\hotspot\share\prims\jni.cpp, line 520]
Event: 5.525 Thread 0x000001e773aa94f0 Exception <a 'sun/nio/fs/WindowsException'{0x00000000ebc2a518}> (0x00000000ebc2a518) 
thrown [s\src\hotspot\share\prims\jni.cpp, line 520]
Event: 5.525 Thread 0x000001e773aa94f0 Exception <a 'sun/nio/fs/WindowsException'{0x00000000ebc2ab48}> (0x00000000ebc2ab48) 
thrown [s\src\hotspot\share\prims\jni.cpp, line 520]
Event: 5.525 Thread 0x000001e773aa94f0 Exception <a 'sun/nio/fs/WindowsException'{0x00000000ebc2b6a8}> (0x00000000ebc2b6a8) 
thrown [s\src\hotspot\share\prims\jni.cpp, line 520]
Event: 5.525 Thread 0x000001e773aa94f0 Exception <a 'sun/nio/fs/WindowsException'{0x00000000ebc2bcd8}> (0x00000000ebc2bcd8) 
thrown [s\src\hotspot\share\prims\jni.cpp, line 520]
Event: 5.525 Thread 0x000001e773aa94f0 Exception <a 'sun/nio/fs/WindowsException'{0x00000000ebc2c658}> (0x00000000ebc2c658) 
thrown [s\src\hotspot\share\prims\jni.cpp, line 520]
Event: 5.525 Thread 0x000001e773aa94f0 Exception <a 'sun/nio/fs/WindowsException'{0x00000000ebc2ced8}> (0x00000000ebc2ced8) 
thrown [s\src\hotspot\share\prims\jni.cpp, line 520]
Event: 5.526 Thread 0x000001e773aa94f0 Exception <a 'sun/nio/fs/WindowsException'{0x00000000ebc2e3f8}> (0x00000000ebc2e3f8) 
thrown [s\src\hotspot\share\prims\jni.cpp, line 520]
Event: 5.526 Thread 0x000001e773aa94f0 Exception <a 'sun/nio/fs/WindowsException'{0x00000000ebc2ec90}> (0x00000000ebc2ec90) 
thrown [s\src\hotspot\share\prims\jni.cpp, line 520]
Event: 5.529 Thread 0x000001e773aa94f0 Exception <a 'java/lang/NoSuchMethodError'{0x00000000ebc45130}: 'void java.lang.invoke.DirectMethodHandle$Holder.invokeVirtual(java.lang.Object, java.lang.Object, java.lang.Object, java.lang.Object)'> (0x00000000ebc45130) 
thrown [s\src\hotspot\share\interpreter\linkResolver.cpp, line 773]
Event: 5.547 Thread 0x000001e773aa94f0 Exception <a 'java/io/FileNotFoundException'{0x00000000ebcaeff8}> (0x00000000ebcaeff8) 
thrown [s\src\hotspot\share\prims\jni.cpp, line 520]
Event: 5.568 Thread 0x000001e773aa94f0 Exception <a 'sun/nio/fs/WindowsException'{0x00000000ebccb658}> (0x00000000ebccb658) 
thrown [s\src\hotspot\share\prims\jni.cpp, line 520]
Event: 5.651 Thread 0x000001e773aa94f0 Implicit null exception at 0x000001e7640efe26 to 0x000001e7640f00f4
Event: 5.651 Thread 0x000001e773aa94f0 Exception <a 'java/lang/NoSuchMethodError'{0x00000000eb07e418}: 'java.lang.Object java.lang.invoke.DelegatingMethodHandle$Holder.reinvoke_L(java.lang.Object, int, long, java.lang.Object, java.lang.Object, int, java.lang.Object)'> (0x00000000eb07e418) 
thrown [s\src\hotspot\share\interpreter\linkResolver.cpp, line 773]
Event: 5.747 Thread 0x000001e773aa94f0 Exception <a 'java/lang/NoSuchMethodError'{0x00000000eb91d4d8}: 'java.lang.Object java.lang.invoke.Invokers$Holder.invoke_MT(java.lang.Object, java.lang.Object, java.lang.Object, java.lang.Object, java.lang.Object, java.lang.Object, java.lang.Object, java.lang.Object, java.lang.Object, java.lang.Object)'> (0x00000000eb91d4d8) 
thrown [s\src\hotspot\share\interpreter\linkResolver.cpp, line 773]
Event: 5.774 Thread 0x000001e773aaa210 Exception <a 'java/io/FileNotFoundException'{0x00000000ebc5f988}> (0x00000000ebc5f988) 
thrown [s\src\hotspot\share\prims\jni.cpp, line 520]
Event: 5.774 Thread 0x000001e773aaa210 Exception <a 'java/io/FileNotFoundException'{0x00000000ebc60f00}> (0x00000000ebc60f00) 
thrown [s\src\hotspot\share\prims\jni.cpp, line 520]
Event: 5.776 Thread 0x000001e773aaa210 Exception <a 'java/lang/NoSuchMethodError'{0x00000000ebd08880}: 'java.lang.Object java.lang.invoke.DirectMethodHandle$Holder.newInvokeSpecial(java.lang.Object, java.lang.Object, java.lang.Object, int)'> (0x00000000ebd08880) 
thrown [s\src\hotspot\share\interpreter\linkResolver.cpp, line 773]
Event: 5.776 Thread 0x000001e773aaa210 Exception <a 'java/lang/NoSuchMethodError'{0x00000000ebd24150}: 'java.lang.Object java.lang.invoke.DirectMethodHandle$Holder.invokeSpecial(java.lang.Object, java.lang.Object, java.lang.Object, java.lang.Object, int)'> (0x00000000ebd24150) 
thrown [s\src\hotspot\share\interpreter\linkResolver.cpp, line 773]
Event: 5.777 Thread 0x000001e773aaa210 Exception <a 'java/lang/NoSuchMethodError'{0x00000000ebd275f8}: 'java.lang.Object java.lang.invoke.Invokers$Holder.linkToTargetMethod(java.lang.Object, java.lang.Object, int, java.lang.Object)'> (0x00000000ebd275f8) 
thrown [s\src\hotspot\share\interpreter\linkResolver.cpp, line 773]

ZGC Phase Switch (0 events):
No events

VM Operations (20 events):
Event: 5.611 Executing VM operation: ParallelGCFailedAllocation (Allocation Failure)
Event: 5.615 Executing VM operation: ParallelGCFailedAllocation (Allocation Failure) done
Event: 5.627 Executing VM operation: HandshakeAllThreads (Deoptimize)
Event: 5.627 Executing VM operation: HandshakeAllThreads (Deoptimize) done
Event: 5.637 Executing VM operation: HandshakeAllThreads (Deoptimize)
Event: 5.637 Executing VM operation: HandshakeAllThreads (Deoptimize) done
Event: 5.665 Executing VM operation: HandshakeAllThreads (Deoptimize)
Event: 5.665 Executing VM operation: HandshakeAllThreads (Deoptimize) done
Event: 5.665 Executing VM operation: HandshakeAllThreads (Deoptimize)
Event: 5.665 Executing VM operation: HandshakeAllThreads (Deoptimize) done
Event: 5.704 Executing VM operation: HandshakeAllThreads (Deoptimize)
Event: 5.705 Executing VM operation: HandshakeAllThreads (Deoptimize) done
Event: 5.788 Executing VM operation: ParallelGCFailedAllocation (Allocation Failure)
Event: 5.792 Executing VM operation: ParallelGCFailedAllocation (Allocation Failure) done
Event: 5.859 Executing VM operation: ParallelGCFailedAllocation (Allocation Failure)
Event: 5.862 Executing VM operation: ParallelGCFailedAllocation (Allocation Failure) done
Event: 5.866 Executing VM operation: HandshakeAllThreads (Deoptimize)
Event: 5.866 Executing VM operation: HandshakeAllThreads (Deoptimize) done
Event: 5.958 Executing VM operation: ParallelGCFailedAllocation (Allocation Failure)
Event: 5.961 Executing VM operation: ParallelGCFailedAllocation (Allocation Failure) done

Memory protections (0 events):
No events

Nmethod flushes (20 events):
Event: 4.110 Thread 0x000001e76d593660 flushing  nmethod 0x000001e75ca34790
Event: 4.110 Thread 0x000001e76d593660 flushing  nmethod 0x000001e75ca35a10
Event: 4.110 Thread 0x000001e76d593660 flushing  nmethod 0x000001e75ca36190
Event: 4.110 Thread 0x000001e76d593660 flushing  nmethod 0x000001e75ca36f10
Event: 4.110 Thread 0x000001e76d593660 flushing  nmethod 0x000001e75ca38810
Event: 4.110 Thread 0x000001e76d593660 flushing  nmethod 0x000001e75ca38d10
Event: 4.110 Thread 0x000001e76d593660 flushing  nmethod 0x000001e75ca39110
Event: 4.110 Thread 0x000001e76d593660 flushing  nmethod 0x000001e75ca39590
Event: 4.110 Thread 0x000001e76d593660 flushing  nmethod 0x000001e75ca39a90
Event: 4.110 Thread 0x000001e76d593660 flushing  nmethod 0x000001e75ca3aa10
Event: 4.110 Thread 0x000001e76d593660 flushing  nmethod 0x000001e75ca3c310
Event: 4.110 Thread 0x000001e76d593660 flushing  nmethod 0x000001e75ca49110
Event: 4.110 Thread 0x000001e76d593660 flushing  nmethod 0x000001e75ca63010
Event: 4.110 Thread 0x000001e76d593660 flushing  nmethod 0x000001e75ca69510
Event: 4.110 Thread 0x000001e76d593660 flushing  nmethod 0x000001e75ca6d790
Event: 4.110 Thread 0x000001e76d593660 flushing  nmethod 0x000001e75caa2190
Event: 4.110 Thread 0x000001e76d593660 flushing  nmethod 0x000001e75cac7090
Event: 4.110 Thread 0x000001e76d593660 flushing  nmethod 0x000001e75cb0de90
Event: 4.110 Thread 0x000001e76d593660 flushing  nmethod 0x000001e75cb0e890
Event: 4.110 Thread 0x000001e76d593660 flushing  nmethod 0x000001e75cb29c10

Events (20 events):
Event: 2.430 Thread 0x000001e773e0f0a0 Thread added: 0x000001e773aa94f0
Event: 2.456 Thread 0x000001e773e0f0a0 Thread added: 0x000001e773aa9b80
Event: 2.626 Thread 0x000001e76d5c0400 Thread added: 0x000001e7749547f0
Event: 3.615 Thread 0x000001e773e0f0a0 Thread added: 0x000001e773aaa210
Event: 3.828 Thread 0x000001e773aa9b80 Thread added: 0x000001e773aa87d0
Event: 3.860 Thread 0x000001e773aa87d0 Thread added: 0x000001e7748df780
Event: 3.893 Thread 0x000001e756f899f0 Thread added: 0x000001e7748dfe10
Event: 3.893 Thread 0x000001e756f899f0 Thread added: 0x000001e7748e04a0
Event: 3.893 Thread 0x000001e756f899f0 Thread added: 0x000001e7748ddd40
Event: 3.893 Thread 0x000001e756f899f0 Thread added: 0x000001e7748e0b30
Event: 3.893 Thread 0x000001e756f899f0 Thread added: 0x000001e7748e11c0
Event: 3.893 Thread 0x000001e756f899f0 Thread added: 0x000001e7748de3d0
Event: 3.893 Thread 0x000001e756f899f0 Thread added: 0x000001e7748dea60
Event: 3.893 Thread 0x000001e756f899f0 Thread added: 0x000001e7748df0f0
Event: 3.893 Thread 0x000001e756f899f0 Thread added: 0x000001e77659c240
Event: 3.980 Thread 0x000001e756f899f0 Thread added: 0x000001e77659c8d0
Event: 4.124 Thread 0x000001e773aa87d0 Thread added: 0x000001e776598dc0
Event: 4.224 Thread 0x000001e776598dc0 Thread added: 0x000001e77659dc80
Event: 4.229 Thread 0x000001e756f899f0 Thread added: 0x000001e776599450
Event: 4.229 Thread 0x000001e756f899f0 Thread added: 0x000001e77659cf60


Dynamic libraries:
0x00007ff6066e0000 - 0x00007ff6066ee000 	c:\Users\XIAOMI\.vscode\extensions\redhat.java-1.40.0-win32-x64\jre\21.0.6-win32-x86_64\bin\java.exe
0x00007ffbcfc90000 - 0x00007ffbcfea7000 	C:\WINDOWS\SYSTEM32\ntdll.dll
0x00007ffbcea50000 - 0x00007ffbceb14000 	C:\WINDOWS\System32\KERNEL32.DLL
0x00007ffbcd390000 - 0x00007ffbcd74a000 	C:\WINDOWS\System32\KERNELBASE.dll
0x00007ffbcd780000 - 0x00007ffbcd891000 	C:\WINDOWS\System32\ucrtbase.dll
0x00007ffb90ac0000 - 0x00007ffb90ad8000 	c:\Users\XIAOMI\.vscode\extensions\redhat.java-1.40.0-win32-x64\jre\21.0.6-win32-x86_64\bin\jli.dll
0x00007ffbcdac0000 - 0x00007ffbcdc6e000 	C:\WINDOWS\System32\USER32.dll
0x00007ffbcd8a0000 - 0x00007ffbcd8c6000 	C:\WINDOWS\System32\win32u.dll
0x00007ffbce590000 - 0x00007ffbce5b9000 	C:\WINDOWS\System32\GDI32.dll
0x00007ffbcc1d0000 - 0x00007ffbcc462000 	C:\WINDOWS\WinSxS\amd64_microsoft.windows.common-controls_6595b64144ccf1df_6.0.22621.4541_none_2710d1c57384c085\COMCTL32.dll
0x00007ffbce4e0000 - 0x00007ffbce587000 	C:\WINDOWS\System32\msvcrt.dll
0x00007ffbccf60000 - 0x00007ffbcd07b000 	C:\WINDOWS\System32\gdi32full.dll
0x00007ffbcd270000 - 0x00007ffbcd30a000 	C:\WINDOWS\System32\msvcp_win.dll
0x00007ffb88830000 - 0x00007ffb8884e000 	c:\Users\XIAOMI\.vscode\extensions\redhat.java-1.40.0-win32-x64\jre\21.0.6-win32-x86_64\bin\VCRUNTIME140.dll
0x00007ffbcddb0000 - 0x00007ffbcdde1000 	C:\WINDOWS\System32\IMM32.DLL
0x00007ffbac050000 - 0x00007ffbac05c000 	c:\Users\XIAOMI\.vscode\extensions\redhat.java-1.40.0-win32-x64\jre\21.0.6-win32-x86_64\bin\vcruntime140_1.dll
0x00007ffb0d790000 - 0x00007ffb0d81d000 	c:\Users\XIAOMI\.vscode\extensions\redhat.java-1.40.0-win32-x64\jre\21.0.6-win32-x86_64\bin\msvcp140.dll
0x00007ffae8520000 - 0x00007ffae92b0000 	c:\Users\XIAOMI\.vscode\extensions\redhat.java-1.40.0-win32-x64\jre\21.0.6-win32-x86_64\bin\server\jvm.dll
0x00007ffbcfb10000 - 0x00007ffbcfbc2000 	C:\WINDOWS\System32\ADVAPI32.dll
0x00007ffbce830000 - 0x00007ffbce8d7000 	C:\WINDOWS\System32\sechost.dll
0x00007ffbcd750000 - 0x00007ffbcd778000 	C:\WINDOWS\System32\bcrypt.dll
0x00007ffbcd9a0000 - 0x00007ffbcdab4000 	C:\WINDOWS\System32\RPCRT4.dll
0x00007ffbce790000 - 0x00007ffbce801000 	C:\WINDOWS\System32\WS2_32.dll
0x00007ffbcc870000 - 0x00007ffbcc8bd000 	C:\WINDOWS\SYSTEM32\POWRPROF.dll
0x00007ffbc4070000 - 0x00007ffbc40a4000 	C:\WINDOWS\SYSTEM32\WINMM.dll
0x00007ffbc11d0000 - 0x00007ffbc11da000 	C:\WINDOWS\SYSTEM32\VERSION.dll
0x00007ffbcc560000 - 0x00007ffbcc573000 	C:\WINDOWS\SYSTEM32\UMPDC.dll
0x00007ffbcb7a0000 - 0x00007ffbcb7b8000 	C:\WINDOWS\SYSTEM32\kernel.appcore.dll
0x00007ffbabb30000 - 0x00007ffbabb3a000 	c:\Users\XIAOMI\.vscode\extensions\redhat.java-1.40.0-win32-x64\jre\21.0.6-win32-x86_64\bin\jimage.dll
0x00007ffbcc8c0000 - 0x00007ffbccaf2000 	C:\WINDOWS\SYSTEM32\DBGHELP.DLL
0x00007ffbcf410000 - 0x00007ffbcf79f000 	C:\WINDOWS\System32\combase.dll
0x00007ffbce5c0000 - 0x00007ffbce697000 	C:\WINDOWS\System32\OLEAUT32.dll
0x00007ffbcc760000 - 0x00007ffbcc792000 	C:\WINDOWS\SYSTEM32\dbgcore.DLL
0x00007ffbcd1f0000 - 0x00007ffbcd26b000 	C:\WINDOWS\System32\bcryptPrimitives.dll
0x00007ffbab5a0000 - 0x00007ffbab5af000 	c:\Users\XIAOMI\.vscode\extensions\redhat.java-1.40.0-win32-x64\jre\21.0.6-win32-x86_64\bin\instrument.dll
0x00007ffb873c0000 - 0x00007ffb873df000 	c:\Users\XIAOMI\.vscode\extensions\redhat.java-1.40.0-win32-x64\jre\21.0.6-win32-x86_64\bin\java.dll
0x00007ffbceb20000 - 0x00007ffbcf398000 	C:\WINDOWS\System32\SHELL32.dll
0x00007ffbca450000 - 0x00007ffbcad58000 	C:\WINDOWS\SYSTEM32\windows.storage.dll
0x00007ffbca310000 - 0x00007ffbca44f000 	C:\WINDOWS\SYSTEM32\wintypes.dll
0x00007ffbcde50000 - 0x00007ffbcdf4a000 	C:\WINDOWS\System32\SHCORE.dll
0x00007ffbcddf0000 - 0x00007ffbcde4e000 	C:\WINDOWS\System32\shlwapi.dll
0x00007ffbcce90000 - 0x00007ffbccebb000 	C:\WINDOWS\SYSTEM32\profapi.dll
0x00007ffb84c70000 - 0x00007ffb84c88000 	c:\Users\XIAOMI\.vscode\extensions\redhat.java-1.40.0-win32-x64\jre\21.0.6-win32-x86_64\bin\zip.dll
0x00007ffbab3f0000 - 0x00007ffbab400000 	C:\Users\XIAOMI\.vscode\extensions\redhat.java-1.40.0-win32-x64\jre\21.0.6-win32-x86_64\bin\net.dll
0x00007ffbc5030000 - 0x00007ffbc5166000 	C:\WINDOWS\SYSTEM32\WINHTTP.dll
0x00007ffbcbbe0000 - 0x00007ffbcbc49000 	C:\WINDOWS\system32\mswsock.dll
0x00007ffb84670000 - 0x00007ffb84686000 	C:\Users\XIAOMI\.vscode\extensions\redhat.java-1.40.0-win32-x64\jre\21.0.6-win32-x86_64\bin\nio.dll
0x00007ffba9950000 - 0x00007ffba9960000 	c:\Users\XIAOMI\.vscode\extensions\redhat.java-1.40.0-win32-x64\jre\21.0.6-win32-x86_64\bin\verify.dll
0x00007ffbab6b0000 - 0x00007ffbab6f5000 	C:\Users\XIAOMI\AppData\Roaming\Code\User\globalStorage\redhat.java\1.40.0\config_win\org.eclipse.equinox.launcher\org.eclipse.equinox.launcher.win32.win32.x86_64_1.2.1200.v20250212-0927\eclipse_11909.dll
0x00007ffbcf7a0000 - 0x00007ffbcf945000 	C:\WINDOWS\System32\ole32.dll
0x00007ffbccc00000 - 0x00007ffbccc1b000 	C:\WINDOWS\SYSTEM32\CRYPTSP.dll
0x00007ffbcb6e0000 - 0x00007ffbcb715000 	C:\WINDOWS\system32\rsaenh.dll
0x00007ffbcbcd0000 - 0x00007ffbcbcf8000 	C:\WINDOWS\SYSTEM32\USERENV.dll
0x00007ffbcbe30000 - 0x00007ffbcbe3c000 	C:\WINDOWS\SYSTEM32\CRYPTBASE.dll
0x00007ffbcb230000 - 0x00007ffbcb25d000 	C:\WINDOWS\SYSTEM32\IPHLPAPI.DLL
0x00007ffbcdf50000 - 0x00007ffbcdf59000 	C:\WINDOWS\System32\NSI.dll
0x00007ffba9960000 - 0x00007ffba99a9000 	C:\Users\XIAOMI\AppData\Local\Temp\jna--1706170181\jna2772112902128741395.dll
0x00007ffbcd990000 - 0x00007ffbcd998000 	C:\WINDOWS\System32\PSAPI.DLL
0x00007ffbc4340000 - 0x00007ffbc4359000 	C:\WINDOWS\SYSTEM32\dhcpcsvc6.DLL
0x00007ffbc42e0000 - 0x00007ffbc42ff000 	C:\WINDOWS\SYSTEM32\dhcpcsvc.DLL
0x00007ffbb3f20000 - 0x00007ffbb3f2e000 	C:\Users\XIAOMI\.vscode\extensions\redhat.java-1.40.0-win32-x64\jre\21.0.6-win32-x86_64\bin\sunmscapi.dll
0x00007ffbcd080000 - 0x00007ffbcd1e6000 	C:\WINDOWS\System32\CRYPT32.dll
0x00007ffbcc1a0000 - 0x00007ffbcc1cd000 	C:\WINDOWS\SYSTEM32\ncrypt.dll
0x00007ffbcc160000 - 0x00007ffbcc197000 	C:\WINDOWS\SYSTEM32\NTASN1.dll
0x00007ffbcb2b0000 - 0x00007ffbcb3b2000 	C:\WINDOWS\SYSTEM32\DNSAPI.dll
0x00007ffbc42b0000 - 0x00007ffbc42ba000 	C:\Windows\System32\rasadhlp.dll
0x00007ffbc3e80000 - 0x00007ffbc3f03000 	C:\WINDOWS\System32\fwpuclnt.dll
0x00007ffbb2ee0000 - 0x00007ffbb2ee9000 	C:\Users\XIAOMI\.vscode\extensions\redhat.java-1.40.0-win32-x64\jre\21.0.6-win32-x86_64\bin\extnet.dll

dbghelp: loaded successfully - version: 4.0.5 - missing functions: none
symbol engine: initialized successfully - sym options: 0x614 - pdb path: .;c:\Users\XIAOMI\.vscode\extensions\redhat.java-1.40.0-win32-x64\jre\21.0.6-win32-x86_64\bin;C:\WINDOWS\SYSTEM32;C:\WINDOWS\WinSxS\amd64_microsoft.windows.common-controls_6595b64144ccf1df_6.0.22621.4541_none_2710d1c57384c085;c:\Users\XIAOMI\.vscode\extensions\redhat.java-1.40.0-win32-x64\jre\21.0.6-win32-x86_64\bin\server;C:\Users\XIAOMI\AppData\Roaming\Code\User\globalStorage\redhat.java\1.40.0\config_win\org.eclipse.equinox.launcher\org.eclipse.equinox.launcher.win32.win32.x86_64_1.2.1200.v20250212-0927;C:\Users\XIAOMI\AppData\Local\Temp\jna--1706170181

VM Arguments:
jvm_args: --add-modules=ALL-SYSTEM --add-opens=java.base/java.util=ALL-UNNAMED --add-opens=java.base/java.lang=ALL-UNNAMED --add-opens=java.base/sun.nio.fs=ALL-UNNAMED -Declipse.application=org.eclipse.jdt.ls.core.id1 -Dosgi.bundles.defaultStartLevel=4 -Declipse.product=org.eclipse.jdt.ls.core.product -Djava.import.generatesMetadataFilesAtProjectRoot=false -DDetectVMInstallationsJob.disabled=true -Dfile.encoding=utf8 -XX:+UseParallelGC -XX:GCTimeRatio=4 -XX:AdaptiveSizePolicyWeight=90 -Dsun.zip.disableMemoryMapping=true -Xmx1G -Xms100m -Xlog:disable -javaagent:c:\Users\XIAOMI\.vscode\extensions\redhat.java-1.40.0-win32-x64\lombok\lombok-1.18.36.jar -XX:+HeapDumpOnOutOfMemoryError -XX:HeapDumpPath=c:\Users\XIAOMI\AppData\Roaming\Code\User\workspaceStorage\8aaf11750f5bdf88448f61a0a3e28651\redhat.java -Daether.dependencyCollector.impl=bf 
java_command: c:\Users\XIAOMI\.vscode\extensions\redhat.java-1.40.0-win32-x64\server\plugins\org.eclipse.equinox.launcher_1.6.1000.v20250131-0606.jar -configuration c:\Users\XIAOMI\AppData\Roaming\Code\User\globalStorage\redhat.java\1.40.0\config_win -data c:\Users\XIAOMI\AppData\Roaming\Code\User\workspaceStorage\8aaf11750f5bdf88448f61a0a3e28651\redhat.java\jdt_ws --pipe=\\.\pipe\lsp-e2e289fb8f6a5a21e5b9651eebe74abb-sock
java_class_path (initial): c:\Users\XIAOMI\.vscode\extensions\redhat.java-1.40.0-win32-x64\server\plugins\org.eclipse.equinox.launcher_1.6.1000.v20250131-0606.jar
Launcher Type: SUN_STANDARD

[Global flags]
    uintx AdaptiveSizePolicyWeight                 = 90                                        {product} {command line}
     intx CICompilerCount                          = 4                                         {product} {ergonomic}
    uintx GCTimeRatio                              = 4                                         {product} {command line}
     bool HeapDumpOnOutOfMemoryError               = true                                   {manageable} {command line}
    ccstr HeapDumpPath                             = c:\Users\XIAOMI\AppData\Roaming\Code\User\workspaceStorage\8aaf11750f5bdf88448f61a0a3e28651\redhat.java         {manageable} {command line}
   size_t InitialHeapSize                          = 104857600                                 {product} {command line}
   size_t MaxHeapSize                              = 1073741824                                {product} {command line}
   size_t MaxNewSize                               = 357564416                                 {product} {ergonomic}
   size_t MinHeapDeltaBytes                        = 524288                                    {product} {ergonomic}
   size_t MinHeapSize                              = 104857600                                 {product} {command line}
   size_t NewSize                                  = 34603008                                  {product} {ergonomic}
    uintx NonNMethodCodeHeapSize                   = 5839372                                {pd product} {ergonomic}
    uintx NonProfiledCodeHeapSize                  = 122909434                              {pd product} {ergonomic}
   size_t OldSize                                  = 70254592                                  {product} {ergonomic}
    uintx ProfiledCodeHeapSize                     = 122909434                              {pd product} {ergonomic}
    uintx ReservedCodeCacheSize                    = 251658240                              {pd product} {ergonomic}
     bool SegmentedCodeCache                       = true                                      {product} {ergonomic}
   size_t SoftMaxHeapSize                          = 1073741824                             {manageable} {ergonomic}
     bool UseCompressedOops                        = true                           {product lp64_product} {ergonomic}
     bool UseLargePagesIndividualAllocation        = false                                  {pd product} {ergonomic}
     bool UseParallelGC                            = true                                      {product} {command line}

Logging:
Log output configuration:
 #0: stdout all=off uptime,level,tags foldmultilines=false
 #1: stderr all=off uptime,level,tags foldmultilines=false

Environment Variables:
JAVA_HOME=C:\Program Files\Java\jdk-17
CLASSPATH=.;C:\Program Files\Java\jdk-17\lib\dt.jar;C:\Program Files\Java\jdk-17\lib\tools.jar;
PATH=D:\RuanJian\VMware\bin\;C:\Program Files\Java\jdk-17\bin;C:\Program Files\Common Files\Oracle\Java\javapath;C:\Program Files (x86)\Common Files\Oracle\Java\javapath;C:\Windows\system32;C:\Windows;C:\Windows\System32\Wbem;C:\Windows\System32\WindowsPowerShell\v1.0\;C:\Windows\System32\OpenSSH\;C:\Program Files (x86)\NVIDIA Corporation\PhysX\Common;C:\WINDOWS\system32;C:\WINDOWS;C:\WINDOWS\System32\Wbem;C:\WINDOWS\System32\WindowsPowerShell\v1.0\;C:\WINDOWS\System32\OpenSSH\;C:\ProgramData\anaconda3;C:\ProgramData\anaconda3\Scripts;C:\ProgramData\anaconda3\Library\mingw-w64\bin;C:\ProgramData\anaconda3\Library\usr\bin;C:\ProgramData\anaconda3\Library\bin;%JRE_HOME%\bin;C:\Program Files\NVIDIA Corporation\NVIDIA app\NvDLISR;D:\Maven\apache-maven-3.5.2\bin;D:\RuanJian\nodejs\;D:\RuanJian\nodejs;D:\RuanJian\nodejs\node_global;D:\RuanJian\nodejs\node_cache;D:\Git\Git\cmd;C:\Users\XIAOMI\AppData\Local\Programs\Python\Launcher\;C:\Users\XIAOMI\AppData\Local\Microsoft\WindowsApps;D:\RuanJian\PyCharm\PyCharm 2024.1.4\bin;D:\RuanJian\CLion\CLion 2024.1.4\bin;D:\RuanJian\VScode\Microsoft VS Code\bin;C:\Users\XIAOMI\AppData\Local\gitkraken\bin;D:\RuanJian\nodejs\node_global;;D:\RuanJian\WebStorm\WebStorm 2024.3.3\bin;
USERNAME=XIAOMI
OS=Windows_NT
PROCESSOR_IDENTIFIER=Intel64 Family 6 Model 140 Stepping 1, GenuineIntel
TMP=C:\Users\XIAOMI\AppData\Local\Temp
TEMP=C:\Users\XIAOMI\AppData\Local\Temp




Periodic native trim disabled

---------------  S Y S T E M  ---------------

OS:
 Windows 11 , 64 bit Build 22621 (10.0.22621.4391)
OS uptime: 6 days 0:25 hours

CPU: total 8 (initial active 8) (4 cores per cpu, 2 threads per core) family 6 model 140 stepping 1 microcode 0x78, cx8, cmov, fxsr, ht, mmx, 3dnowpref, sse, sse2, sse3, ssse3, sse4.1, sse4.2, popcnt, lzcnt, tsc, tscinvbit, avx, avx2, aes, erms, clmul, bmi1, bmi2, adx, avx512f, avx512dq, avx512cd, avx512bw, avx512vl, sha, fma, vzeroupper, avx512_vpopcntdq, avx512_vpclmulqdq, avx512_vaes, avx512_vnni, clflush, clflushopt, clwb, avx512_vbmi2, avx512_vbmi, rdtscp, rdpid, fsrm, gfni, avx512_bitalg, f16c, pku, cet_ibt, cet_ss, avx512_ifma
Processor Information for the first 8 processors :
  Max Mhz: 3302, Current Mhz: 3302, Mhz Limit: 3302

Memory: 4k page, system-wide physical 16167M (333M free)
TotalPageFile size 34778M (AvailPageFile size 32M)
current process WorkingSet (physical memory assigned to process): 225M, peak: 225M
current process commit charge ("private bytes"): 303M, peak: 304M

vm_info: OpenJDK 64-Bit Server VM (21.0.6+7-LTS) for windows-amd64 JRE (21.0.6+7-LTS), built on 2025-01-21T00:00:00Z by "admin" with MS VC++ 17.7 (VS2022)

END.
