#
# There is insufficient memory for the Java Runtime Environment to continue.
# Native memory allocation (malloc) failed to allocate 1491264 bytes. Error detail: Chunk::new
# Possible reasons:
#   The system is out of physical RAM or swap space
#   This process is running with CompressedOops enabled, and the Java Heap may be blocking the growth of the native heap
# Possible solutions:
#   Reduce memory load on the system
#   Increase physical memory or swap space
#   Check if swap backing store is full
#   Decrease Java heap size (-Xmx/-Xms)
#   Decrease number of Java threads
#   Decrease Java thread stack sizes (-Xss)
#   Set larger code cache with -XX:ReservedCodeCacheSize=
#   JVM is running with Unscaled Compressed Oops mode in which the Java heap is
#     placed in the first 4GB address space. The Java Heap base address is the
#     maximum limit for the native heap growth. Please use -XX:HeapBaseMinAddress
#     to set the Java Heap base and to place the Java Heap above 4GB virtual address.
# This output file may be truncated or incomplete.
#
#  Out of Memory Error (arena.cpp:168), pid=69608, tid=41672
#
# JRE version: OpenJDK Runtime Environment Temurin-21.0.6+7 (21.0.6+7) (build 21.0.6+7-LTS)
# Java VM: OpenJDK 64-Bit Server VM Temurin-21.0.6+7 (21.0.6+7-LTS, mixed mode, sharing, tiered, compressed oops, compressed class ptrs, parallel gc, windows-amd64)
# No core dump will be written. Minidumps are not enabled by default on client versions of Windows
#

---------------  S U M M A R Y ------------

Command Line: --add-modules=ALL-SYSTEM --add-opens=java.base/java.util=ALL-UNNAMED --add-opens=java.base/java.lang=ALL-UNNAMED --add-opens=java.base/sun.nio.fs=ALL-UNNAMED -Declipse.application=org.eclipse.jdt.ls.core.id1 -Dosgi.bundles.defaultStartLevel=4 -Declipse.product=org.eclipse.jdt.ls.core.product -Djava.import.generatesMetadataFilesAtProjectRoot=false -DDetectVMInstallationsJob.disabled=true -Dfile.encoding=utf8 -XX:+UseParallelGC -XX:GCTimeRatio=4 -XX:AdaptiveSizePolicyWeight=90 -Dsun.zip.disableMemoryMapping=true -Xmx1G -Xms100m -Xlog:disable -javaagent:c:\Users\XIAOMI\.vscode\extensions\redhat.java-1.40.0-win32-x64\lombok\lombok-1.18.36.jar -XX:+HeapDumpOnOutOfMemoryError -XX:HeapDumpPath=c:\Users\XIAOMI\AppData\Roaming\Code\User\workspaceStorage\8aaf11750f5bdf88448f61a0a3e28651\redhat.java -Daether.dependencyCollector.impl=bf c:\Users\XIAOMI\.vscode\extensions\redhat.java-1.40.0-win32-x64\server\plugins\org.eclipse.equinox.launcher_1.6.1000.v20250131-0606.jar -configuration c:\Users\XIAOMI\AppData\Roaming\Code\User\globalStorage\redhat.java\1.40.0\config_win -data c:\Users\XIAOMI\AppData\Roaming\Code\User\workspaceStorage\8aaf11750f5bdf88448f61a0a3e28651\redhat.java\jdt_ws --pipe=\\.\pipe\lsp-2c26bcc8f25f5714ceb7113ce7814aa8-sock

Host: 11th Gen Intel(R) Core(TM) i7-11370H @ 3.30GHz, 8 cores, 15G,  Windows 11 , 64 bit Build 22621 (10.0.22621.4391)
Time: Mon Mar 10 23:01:42 2025  Windows 11 , 64 bit Build 22621 (10.0.22621.4391) elapsed time: 20.785641 seconds (0d 0h 0m 20s)

---------------  T H R E A D  ---------------

Current thread (0x000002075ebaa290):  JavaThread "C2 CompilerThread0" daemon [_thread_in_native, id=41672, stack(0x00000046a1500000,0x00000046a1600000) (1024K)]


Current CompileTask:
C2:20785 8607   !   4       java.nio.file.FileTreeWalker::next (144 bytes)

Stack: [0x00000046a1500000,0x00000046a1600000]
Native frames: (J=compiled Java code, j=interpreted, Vv=VM code, C=native code)
V  [jvm.dll+0x6cdee9]
V  [jvm.dll+0x8a83d1]
V  [jvm.dll+0x8aa8fe]
V  [jvm.dll+0x8aafe3]
V  [jvm.dll+0x27f706]
V  [jvm.dll+0xc500d]
V  [jvm.dll+0xc5543]
V  [jvm.dll+0x3b678c]
V  [jvm.dll+0x382935]
V  [jvm.dll+0x381d9a]
V  [jvm.dll+0x2479f0]
V  [jvm.dll+0x246fcf]
V  [jvm.dll+0x1c75ee]
V  [jvm.dll+0x25685a]
V  [jvm.dll+0x254dfa]
V  [jvm.dll+0x3f0256]
V  [jvm.dll+0x851f8b]
V  [jvm.dll+0x6cc5ed]
C  [ucrtbase.dll+0x29333]
C  [KERNEL32.DLL+0x1259d]
C  [ntdll.dll+0x5af38]


---------------  P R O C E S S  ---------------

Threads class SMR info:
_java_thread_list=0x00000207672e2160, length=58, elements={
0x000002074a7e0630, 0x000002075eb97f70, 0x000002075eb98dd0, 0x000002075eb9b900,
0x000002075eb9c900, 0x000002075eb9ee10, 0x000002075eba50b0, 0x000002075ebaa290,
0x000002075ebac4b0, 0x00000207606248c0, 0x000002076086fed0, 0x00000207654d7b40,
0x0000020760858a70, 0x0000020765104140, 0x000002076069a720, 0x00000207652e0940,
0x0000020765769230, 0x00000207652705c0, 0x000002076091a3d0, 0x000002076091b780,
0x000002076091aa60, 0x000002076091b0f0, 0x000002076091c4a0, 0x0000020760919d40,
0x000002076091d1c0, 0x0000020767bfae30, 0x0000020767bfa110, 0x0000020767bfe2b0,
0x0000020767bfc870, 0x0000020767bfd590, 0x0000020767bf9a80, 0x0000020767bfb4c0,
0x0000020767bfcf00, 0x0000020767bfa7a0, 0x0000020767bfbb50, 0x0000020767bfc1e0,
0x0000020767bfdc20, 0x0000020767bf7320, 0x0000020767bfe940, 0x0000020767bf93f0,
0x0000020769d29a00, 0x0000020769d26c10, 0x0000020769d27930, 0x0000020769d2bad0,
0x0000020769d25ef0, 0x0000020769d26580, 0x0000020769d29370, 0x0000020769d2a090,
0x0000020769d27fc0, 0x0000020769d2a720, 0x0000020769d272a0, 0x0000020769d2adb0,
0x0000020769d28ce0, 0x0000020769d2b440, 0x0000020769d2c7f0, 0x0000020769d2ce80,
0x0000020769d2c160, 0x0000020769e35ed0
}

Java Threads: ( => current thread )
  0x000002074a7e0630 JavaThread "main"                              [_thread_blocked, id=65548, stack(0x00000046a0b00000,0x00000046a0c00000) (1024K)]
  0x000002075eb97f70 JavaThread "Reference Handler"          daemon [_thread_blocked, id=18108, stack(0x00000046a0f00000,0x00000046a1000000) (1024K)]
  0x000002075eb98dd0 JavaThread "Finalizer"                  daemon [_thread_blocked, id=58880, stack(0x00000046a1000000,0x00000046a1100000) (1024K)]
  0x000002075eb9b900 JavaThread "Signal Dispatcher"          daemon [_thread_blocked, id=71672, stack(0x00000046a1100000,0x00000046a1200000) (1024K)]
  0x000002075eb9c900 JavaThread "Attach Listener"            daemon [_thread_blocked, id=34528, stack(0x00000046a1200000,0x00000046a1300000) (1024K)]
  0x000002075eb9ee10 JavaThread "Service Thread"             daemon [_thread_blocked, id=74256, stack(0x00000046a1300000,0x00000046a1400000) (1024K)]
  0x000002075eba50b0 JavaThread "Monitor Deflation Thread"   daemon [_thread_blocked, id=16596, stack(0x00000046a1400000,0x00000046a1500000) (1024K)]
=>0x000002075ebaa290 JavaThread "C2 CompilerThread0"         daemon [_thread_in_native, id=41672, stack(0x00000046a1500000,0x00000046a1600000) (1024K)]
  0x000002075ebac4b0 JavaThread "C1 CompilerThread0"         daemon [_thread_blocked, id=26812, stack(0x00000046a1600000,0x00000046a1700000) (1024K)]
  0x00000207606248c0 JavaThread "Common-Cleaner"             daemon [_thread_blocked, id=69140, stack(0x00000046a1700000,0x00000046a1800000) (1024K)]
  0x000002076086fed0 JavaThread "Notification Thread"        daemon [_thread_blocked, id=39580, stack(0x00000046a1900000,0x00000046a1a00000) (1024K)]
  0x00000207654d7b40 JavaThread "Active Thread: Equinox Container: 1f895eed-b763-400f-87d4-53a666f9de5c"        [_thread_blocked, id=11556, stack(0x00000046a2100000,0x00000046a2200000) (1024K)]
  0x0000020760858a70 JavaThread "Refresh Thread: Equinox Container: 1f895eed-b763-400f-87d4-53a666f9de5c" daemon [_thread_blocked, id=74072, stack(0x00000046a1800000,0x00000046a1900000) (1024K)]
  0x0000020765104140 JavaThread "Framework Event Dispatcher: Equinox Container: 1f895eed-b763-400f-87d4-53a666f9de5c" daemon [_thread_blocked, id=71280, stack(0x00000046a2200000,0x00000046a2300000) (1024K)]
  0x000002076069a720 JavaThread "Start Level: Equinox Container: 1f895eed-b763-400f-87d4-53a666f9de5c" daemon [_thread_blocked, id=66948, stack(0x00000046a2300000,0x00000046a2400000) (1024K)]
  0x00000207652e0940 JavaThread "Bundle File Closer"         daemon [_thread_blocked, id=14956, stack(0x00000046a2400000,0x00000046a2500000) (1024K)]
  0x0000020765769230 JavaThread "SCR Component Actor"        daemon [_thread_blocked, id=65412, stack(0x00000046a2500000,0x00000046a2600000) (1024K)]
  0x00000207652705c0 JavaThread "C2 CompilerThread1"         daemon [_thread_in_native, id=74160, stack(0x00000046a2700000,0x00000046a2800000) (1024K)]
  0x000002076091a3d0 JavaThread "Worker-JM"                         [_thread_blocked, id=22060, stack(0x00000046a2800000,0x00000046a2900000) (1024K)]
  0x000002076091b780 JavaThread "JNA Cleaner"                daemon [_thread_blocked, id=48408, stack(0x00000046a2900000,0x00000046a2a00000) (1024K)]
  0x000002076091aa60 JavaThread "Worker-0: Loading available Gradle versions"        [_thread_in_native, id=72532, stack(0x00000046a2a00000,0x00000046a2b00000) (1024K)]
  0x000002076091b0f0 JavaThread "Worker-1: Java indexing... "        [_thread_blocked, id=50068, stack(0x00000046a2b00000,0x00000046a2c00000) (1024K)]
  0x000002076091c4a0 JavaThread "Worker-2: Initialize Workspace"        [_thread_blocked, id=13024, stack(0x00000046a2c00000,0x00000046a2d00000) (1024K)]
  0x0000020760919d40 JavaThread "Java indexing"              daemon [_thread_in_Java, id=74424, stack(0x00000046a2d00000,0x00000046a2e00000) (1024K)]
  0x000002076091d1c0 JavaThread "Worker-3"                          [_thread_blocked, id=55976, stack(0x00000046a2e00000,0x00000046a2f00000) (1024K)]
  0x0000020767bfae30 JavaThread "Thread-2"                   daemon [_thread_in_native, id=3784, stack(0x00000046a2f00000,0x00000046a3000000) (1024K)]
  0x0000020767bfa110 JavaThread "Thread-3"                   daemon [_thread_in_native, id=67228, stack(0x00000046a3000000,0x00000046a3100000) (1024K)]
  0x0000020767bfe2b0 JavaThread "Thread-4"                   daemon [_thread_in_native, id=60312, stack(0x00000046a3100000,0x00000046a3200000) (1024K)]
  0x0000020767bfc870 JavaThread "Thread-5"                   daemon [_thread_in_native, id=73496, stack(0x00000046a3200000,0x00000046a3300000) (1024K)]
  0x0000020767bfd590 JavaThread "Thread-6"                   daemon [_thread_in_native, id=52528, stack(0x00000046a3300000,0x00000046a3400000) (1024K)]
  0x0000020767bf9a80 JavaThread "Thread-7"                   daemon [_thread_in_native, id=27228, stack(0x00000046a3400000,0x00000046a3500000) (1024K)]
  0x0000020767bfb4c0 JavaThread "Thread-8"                   daemon [_thread_in_native, id=70120, stack(0x00000046a3500000,0x00000046a3600000) (1024K)]
  0x0000020767bfcf00 JavaThread "Thread-9"                   daemon [_thread_in_native, id=11420, stack(0x00000046a3600000,0x00000046a3700000) (1024K)]
  0x0000020767bfa7a0 JavaThread "Thread-10"                  daemon [_thread_in_native, id=19860, stack(0x00000046a3700000,0x00000046a3800000) (1024K)]
  0x0000020767bfbb50 JavaThread "pool-2-thread-1"                   [_thread_blocked, id=65400, stack(0x00000046a3800000,0x00000046a3900000) (1024K)]
  0x0000020767bfc1e0 JavaThread "WorkspaceEventsHandler"            [_thread_blocked, id=74740, stack(0x00000046a3900000,0x00000046a3a00000) (1024K)]
  0x0000020767bfdc20 JavaThread "pool-1-thread-1"                   [_thread_blocked, id=66808, stack(0x00000046a3a00000,0x00000046a3b00000) (1024K)]
  0x0000020767bf7320 JavaThread "Worker-4"                          [_thread_blocked, id=9672, stack(0x00000046a3c00000,0x00000046a3d00000) (1024K)]
  0x0000020767bfe940 JavaThread "Worker-5"                          [_thread_blocked, id=66732, stack(0x00000046a3d00000,0x00000046a3e00000) (1024K)]
  0x0000020767bf93f0 JavaThread "LocalFile Deleter"          daemon [_thread_blocked, id=2244, stack(0x00000046a3e00000,0x00000046a3f00000) (1024K)]
  0x0000020769d29a00 JavaThread "LocalFile Deleter"          daemon [_thread_blocked, id=73820, stack(0x00000046a3f00000,0x00000046a4000000) (1024K)]
  0x0000020769d26c10 JavaThread "LocalFile Deleter"          daemon [_thread_blocked, id=52112, stack(0x00000046a4000000,0x00000046a4100000) (1024K)]
  0x0000020769d27930 JavaThread "LocalFile Deleter"          daemon [_thread_blocked, id=69840, stack(0x00000046a4100000,0x00000046a4200000) (1024K)]
  0x0000020769d2bad0 JavaThread "LocalFile Deleter"          daemon [_thread_blocked, id=63732, stack(0x00000046a4200000,0x00000046a4300000) (1024K)]
  0x0000020769d25ef0 JavaThread "LocalFile Deleter"          daemon [_thread_blocked, id=47664, stack(0x00000046a4300000,0x00000046a4400000) (1024K)]
  0x0000020769d26580 JavaThread "Compiler Source File Reader" daemon [_thread_blocked, id=69672, stack(0x00000046a4400000,0x00000046a4500000) (1024K)]
  0x0000020769d29370 JavaThread "Compiler Source File Reader" daemon [_thread_blocked, id=63364, stack(0x00000046a4500000,0x00000046a4600000) (1024K)]
  0x0000020769d2a090 JavaThread "Compiler Source File Reader" daemon [_thread_blocked, id=14672, stack(0x00000046a4600000,0x00000046a4700000) (1024K)]
  0x0000020769d27fc0 JavaThread "Compiler Source File Reader" daemon [_thread_blocked, id=57684, stack(0x00000046a4700000,0x00000046a4800000) (1024K)]
  0x0000020769d2a720 JavaThread "Compiler Source File Reader" daemon [_thread_blocked, id=65776, stack(0x00000046a4800000,0x00000046a4900000) (1024K)]
  0x0000020769d272a0 JavaThread "Compiler Source File Reader" daemon [_thread_blocked, id=74700, stack(0x00000046a4900000,0x00000046a4a00000) (1024K)]
  0x0000020769d2adb0 JavaThread "Compiler Processing Task"   daemon [_thread_blocked, id=20568, stack(0x00000046a4a00000,0x00000046a4b00000) (1024K)]
  0x0000020769d28ce0 JavaThread "Compiler Class File Writer" daemon [_thread_blocked, id=30052, stack(0x00000046a4b00000,0x00000046a4c00000) (1024K)]
  0x0000020769d2b440 JavaThread "Compiler Class File Writer" daemon [_thread_blocked, id=68728, stack(0x00000046a4c00000,0x00000046a4d00000) (1024K)]
  0x0000020769d2c7f0 JavaThread "Compiler Class File Writer" daemon [_thread_blocked, id=73796, stack(0x00000046a4d00000,0x00000046a4e00000) (1024K)]
  0x0000020769d2ce80 JavaThread "Compiler Class File Writer" daemon [_thread_blocked, id=13524, stack(0x00000046a4e00000,0x00000046a4f00000) (1024K)]
  0x0000020769d2c160 JavaThread "Compiler Class File Writer" daemon [_thread_blocked, id=72540, stack(0x00000046a4f00000,0x00000046a5000000) (1024K)]
  0x0000020769e35ed0 JavaThread "Compiler Class File Writer" daemon [_thread_blocked, id=41020, stack(0x00000046a5000000,0x00000046a5100000) (1024K)]
Total: 58

Other Threads:
  0x000002075eb92df0 VMThread "VM Thread"                           [id=66064, stack(0x00000046a0e00000,0x00000046a0f00000) (1024K)]
  0x000002074a84cee0 WatcherThread "VM Periodic Task Thread"        [id=70896, stack(0x00000046a0d00000,0x00000046a0e00000) (1024K)]
  0x000002074a7ff910 WorkerThread "GC Thread#0"                     [id=68632, stack(0x00000046a0c00000,0x00000046a0d00000) (1024K)]
  0x00000207608aef80 WorkerThread "GC Thread#1"                     [id=19608, stack(0x00000046a1b00000,0x00000046a1c00000) (1024K)]
  0x000002076510d800 WorkerThread "GC Thread#2"                     [id=72516, stack(0x00000046a1c00000,0x00000046a1d00000) (1024K)]
  0x0000020765111130 WorkerThread "GC Thread#3"                     [id=67976, stack(0x00000046a1d00000,0x00000046a1e00000) (1024K)]
  0x00000207653d1f50 WorkerThread "GC Thread#4"                     [id=12032, stack(0x00000046a1e00000,0x00000046a1f00000) (1024K)]
  0x00000207653d2700 WorkerThread "GC Thread#5"                     [id=63508, stack(0x00000046a1f00000,0x00000046a2000000) (1024K)]
  0x00000207653d2aa0 WorkerThread "GC Thread#6"                     [id=72936, stack(0x00000046a2000000,0x00000046a2100000) (1024K)]
  0x00000207651b1770 WorkerThread "GC Thread#7"                     [id=71524, stack(0x00000046a1a00000,0x00000046a1b00000) (1024K)]
Total: 10

Threads with active compile tasks:
C2 CompilerThread0  20812 8607   !   4       java.nio.file.FileTreeWalker::next (144 bytes)
C2 CompilerThread1  20812 7708       4       org.eclipse.jdt.internal.compiler.util.JrtFileSystem$2::visitFile (72 bytes)
Total: 2

VM state: not at safepoint (normal execution)

VM Mutex/Monitor currently owned by a thread: None

Heap address: 0x00000000c0000000, size: 1024 MB, Compressed Oops mode: 32-bit

CDS archive(s) mapped at: [0x0000020700000000-0x0000020700ba0000-0x0000020700ba0000), size 12189696, SharedBaseAddress: 0x0000020700000000, ArchiveRelocationMode: 1.
Compressed class space mapped at: 0x0000020701000000-0x0000020741000000, reserved size: 1073741824
Narrow klass base: 0x0000020700000000, Narrow klass shift: 0, Narrow klass range: 0x100000000

GC Precious Log:
 CardTable entry size: 512
 CPUs: 8 total, 8 available
 Memory: 16167M
 Large Page Support: Disabled
 NUMA Support: Disabled
 Compressed Oops: Enabled (32-bit)
 Alignments: Space 512K, Generation 512K, Heap 2M
 Heap Min Capacity: 100M
 Heap Initial Capacity: 100M
 Heap Max Capacity: 1G
 Pre-touch: Disabled
 Parallel Workers: 8

Heap:
 PSYoungGen      total 17920K, used 12688K [0x00000000eab00000, 0x00000000ec000000, 0x0000000100000000)
  eden space 15360K, 66% used [0x00000000eab00000,0x00000000eb4f12b0,0x00000000eba00000)
  from space 2560K, 97% used [0x00000000ebd80000,0x00000000ebff30e8,0x00000000ec000000)
  to   space 3072K, 0% used [0x00000000eba00000,0x00000000eba00000,0x00000000ebd00000)
 ParOldGen       total 69632K, used 65819K [0x00000000c0000000, 0x00000000c4400000, 0x00000000eab00000)
  object space 69632K, 94% used [0x00000000c0000000,0x00000000c4046cf8,0x00000000c4400000)
 Metaspace       used 60226K, committed 61440K, reserved 1114112K
  class space    used 6334K, committed 6848K, reserved 1048576K

Card table byte_map: [0x000002074a1b0000,0x000002074a3c0000] _byte_map_base: 0x0000020749bb0000

Marking Bits: (ParMarkBitMap*) 0x00007ffae91d3260
 Begin Bits: [0x000002075c9d0000, 0x000002075d9d0000)
 End Bits:   [0x000002075d9d0000, 0x000002075e9d0000)

Polling page: 0x0000020749fa0000

Metaspace:

Usage:
  Non-class:     52.63 MB used.
      Class:      6.19 MB used.
       Both:     58.82 MB used.

Virtual space:
  Non-class space:       64.00 MB reserved,      53.31 MB ( 83%) committed,  1 nodes.
      Class space:        1.00 GB reserved,       6.69 MB ( <1%) committed,  1 nodes.
             Both:        1.06 GB reserved,      60.00 MB (  6%) committed. 

Chunk freelists:
   Non-Class:  10.56 MB
       Class:  9.14 MB
        Both:  19.70 MB

MaxMetaspaceSize: unlimited
CompressedClassSpaceSize: 1.00 GB
Initial GC threshold: 21.00 MB
Current GC threshold: 97.31 MB
CDS: on
 - commit_granule_bytes: 65536.
 - commit_granule_words: 8192.
 - virtual_space_node_default_size: 8388608.
 - enlarge_chunks_in_place: 1.
 - use_allocation_guard: 0.


Internal statistics:

num_allocs_failed_limit: 9.
num_arena_births: 928.
num_arena_deaths: 14.
num_vsnodes_births: 2.
num_vsnodes_deaths: 0.
num_space_committed: 960.
num_space_uncommitted: 0.
num_chunks_returned_to_freelist: 23.
num_chunks_taken_from_freelist: 3390.
num_chunk_merges: 13.
num_chunk_splits: 2156.
num_chunks_enlarged: 1337.
num_inconsistent_stats: 0.

CodeHeap 'non-profiled nmethods': size=120000Kb used=4212Kb max_used=4212Kb free=115787Kb
 bounds [0x00000207554a0000, 0x00000207558c0000, 0x000002075c9d0000]
CodeHeap 'profiled nmethods': size=120000Kb used=17326Kb max_used=17326Kb free=102673Kb
 bounds [0x000002074d9d0000, 0x000002074eac0000, 0x0000020754f00000]
CodeHeap 'non-nmethods': size=5760Kb used=1464Kb max_used=1512Kb free=4295Kb
 bounds [0x0000020754f00000, 0x0000020755170000, 0x00000207554a0000]
 total_blobs=8696 nmethods=7929 adapters=673
 compilation: enabled
              stopped_count=0, restarted_count=0
 full_count=0

Compilation events (20 events):
Event: 20.738 Thread 0x000002075ebac4b0 8687       2       org.eclipse.jdt.ls.core.internal.handlers.ProgressReporterManager$MulticastProgressReporter::isCanceled (45 bytes)
Event: 20.739 Thread 0x000002075ebac4b0 nmethod 8687 0x000002074eaa9490 code [0x000002074eaa9680, 0x000002074eaa9948]
Event: 20.741 Thread 0x000002075ebac4b0 8688       2       org.eclipse.jdt.ls.core.internal.JobHelpers::getJob (50 bytes)
Event: 20.741 Thread 0x000002075ebac4b0 nmethod 8688 0x000002074eaa9a90 code [0x000002074eaa9c80, 0x000002074eaaa018]
Event: 20.742 Thread 0x000002075ebac4b0 8689       2       org.eclipse.core.internal.jobs.JobManager::wakeUp (53 bytes)
Event: 20.742 Thread 0x000002075ebac4b0 nmethod 8689 0x000002074eaaa210 code [0x000002074eaaa400, 0x000002074eaaa780]
Event: 20.742 Thread 0x000002075ebac4b0 8690       2       org.eclipse.core.internal.jobs.JobManager$$Lambda/0x00000207011a5980::<init> (20 bytes)
Event: 20.742 Thread 0x000002075ebac4b0 nmethod 8690 0x000002074eaaaa10 code [0x000002074eaaaba0, 0x000002074eaaacd8]
Event: 20.742 Thread 0x000002075ebac4b0 8691       2       org.eclipse.core.internal.jobs.JobManager$$Lambda/0x00000207011a5980::apply (20 bytes)
Event: 20.742 Thread 0x000002075ebac4b0 nmethod 8691 0x000002074eaaad90 code [0x000002074eaaaf40, 0x000002074eaab0c0]
Event: 20.748 Thread 0x000002075ebac4b0 8692       3       sun.nio.fs.WindowsPath$WindowsPathWithAttributes::getFileSystem (5 bytes)
Event: 20.748 Thread 0x000002075ebac4b0 nmethod 8692 0x000002074eaab190 code [0x000002074eaab320, 0x000002074eaab440]
Event: 20.748 Thread 0x000002075ebac4b0 8693   !   2       java.nio.file.FileTreeWalker::wouldLoop (79 bytes)
Event: 20.750 Thread 0x000002075ebac4b0 nmethod 8693 0x000002074eaab510 code [0x000002074eaab720, 0x000002074eaabb28]
Event: 20.750 Thread 0x000002075ebac4b0 8694       2       org.eclipse.jdt.ls.core.internal.managers.BasicFileDetector$1::preVisitDirectory (10 bytes)
Event: 20.750 Thread 0x000002075ebac4b0 nmethod 8694 0x000002074eaabe10 code [0x000002074eaabfc0, 0x000002074eaac140]
Event: 20.750 Thread 0x000002075ebac4b0 8695       2       org.eclipse.jdt.ls.core.internal.managers.BasicFileDetector$1::preVisitDirectory (98 bytes)
Event: 20.750 Thread 0x000002075ebac4b0 nmethod 8695 0x000002074eaac210 code [0x000002074eaac420, 0x000002074eaac7c0]
Event: 20.768 Thread 0x000002075ebac4b0 8696       2       org.eclipse.core.internal.jobs.InternalJob::wakeUp (9 bytes)
Event: 20.768 Thread 0x000002075ebac4b0 nmethod 8696 0x000002074eaac990 code [0x000002074eaacb40, 0x000002074eaacc78]

GC Heap History (20 events):
Event: 19.183 GC heap before
{Heap before GC invocations=34 (full 2):
 PSYoungGen      total 20992K, used 20530K [0x00000000eab00000, 0x00000000ec300000, 0x0000000100000000)
  eden space 17408K, 99% used [0x00000000eab00000,0x00000000ebbf4458,0x00000000ebc00000)
  from space 3584K, 88% used [0x00000000ebc00000,0x00000000ebf18498,0x00000000ebf80000)
  to   space 3584K, 0% used [0x00000000ebf80000,0x00000000ebf80000,0x00000000ec300000)
 ParOldGen       total 68608K, used 53122K [0x00000000c0000000, 0x00000000c4300000, 0x00000000eab00000)
  object space 68608K, 77% used [0x00000000c0000000,0x00000000c33e0980,0x00000000c4300000)
 Metaspace       used 56361K, committed 57600K, reserved 1114112K
  class space    used 5994K, committed 6528K, reserved 1048576K
}
Event: 19.188 GC heap after
{Heap after GC invocations=34 (full 2):
 PSYoungGen      total 20992K, used 3184K [0x00000000eab00000, 0x00000000ec300000, 0x0000000100000000)
  eden space 17408K, 0% used [0x00000000eab00000,0x00000000eab00000,0x00000000ebc00000)
  from space 3584K, 88% used [0x00000000ebf80000,0x00000000ec29c390,0x00000000ec300000)
  to   space 3584K, 0% used [0x00000000ebc00000,0x00000000ebc00000,0x00000000ebf80000)
 ParOldGen       total 68608K, used 56098K [0x00000000c0000000, 0x00000000c4300000, 0x00000000eab00000)
  object space 68608K, 81% used [0x00000000c0000000,0x00000000c36c8888,0x00000000c4300000)
 Metaspace       used 56361K, committed 57600K, reserved 1114112K
  class space    used 5994K, committed 6528K, reserved 1048576K
}
Event: 19.236 GC heap before
{Heap before GC invocations=35 (full 2):
 PSYoungGen      total 20992K, used 20559K [0x00000000eab00000, 0x00000000ec300000, 0x0000000100000000)
  eden space 17408K, 99% used [0x00000000eab00000,0x00000000ebbf7c20,0x00000000ebc00000)
  from space 3584K, 88% used [0x00000000ebf80000,0x00000000ec29c390,0x00000000ec300000)
  to   space 3584K, 0% used [0x00000000ebc00000,0x00000000ebc00000,0x00000000ebf80000)
 ParOldGen       total 68608K, used 56098K [0x00000000c0000000, 0x00000000c4300000, 0x00000000eab00000)
  object space 68608K, 81% used [0x00000000c0000000,0x00000000c36c8888,0x00000000c4300000)
 Metaspace       used 56499K, committed 57728K, reserved 1114112K
  class space    used 6003K, committed 6528K, reserved 1048576K
}
Event: 19.239 GC heap after
{Heap after GC invocations=35 (full 2):
 PSYoungGen      total 20992K, used 3031K [0x00000000eab00000, 0x00000000ec300000, 0x0000000100000000)
  eden space 17408K, 0% used [0x00000000eab00000,0x00000000eab00000,0x00000000ebc00000)
  from space 3584K, 84% used [0x00000000ebc00000,0x00000000ebef5e80,0x00000000ebf80000)
  to   space 3584K, 0% used [0x00000000ebf80000,0x00000000ebf80000,0x00000000ec300000)
 ParOldGen       total 68608K, used 59043K [0x00000000c0000000, 0x00000000c4300000, 0x00000000eab00000)
  object space 68608K, 86% used [0x00000000c0000000,0x00000000c39a8ea8,0x00000000c4300000)
 Metaspace       used 56499K, committed 57728K, reserved 1114112K
  class space    used 6003K, committed 6528K, reserved 1048576K
}
Event: 19.289 GC heap before
{Heap before GC invocations=36 (full 2):
 PSYoungGen      total 20992K, used 20439K [0x00000000eab00000, 0x00000000ec300000, 0x0000000100000000)
  eden space 17408K, 100% used [0x00000000eab00000,0x00000000ebc00000,0x00000000ebc00000)
  from space 3584K, 84% used [0x00000000ebc00000,0x00000000ebef5e80,0x00000000ebf80000)
  to   space 3584K, 0% used [0x00000000ebf80000,0x00000000ebf80000,0x00000000ec300000)
 ParOldGen       total 68608K, used 59043K [0x00000000c0000000, 0x00000000c4300000, 0x00000000eab00000)
  object space 68608K, 86% used [0x00000000c0000000,0x00000000c39a8ea8,0x00000000c4300000)
 Metaspace       used 56513K, committed 57728K, reserved 1114112K
  class space    used 6003K, committed 6528K, reserved 1048576K
}
Event: 19.292 GC heap after
{Heap after GC invocations=36 (full 2):
 PSYoungGen      total 19968K, used 2222K [0x00000000eab00000, 0x00000000ec200000, 0x0000000100000000)
  eden space 17408K, 0% used [0x00000000eab00000,0x00000000eab00000,0x00000000ebc00000)
  from space 2560K, 86% used [0x00000000ebf80000,0x00000000ec1abaf8,0x00000000ec200000)
  to   space 2560K, 0% used [0x00000000ebd00000,0x00000000ebd00000,0x00000000ebf80000)
 ParOldGen       total 68608K, used 61200K [0x00000000c0000000, 0x00000000c4300000, 0x00000000eab00000)
  object space 68608K, 89% used [0x00000000c0000000,0x00000000c3bc4218,0x00000000c4300000)
 Metaspace       used 56513K, committed 57728K, reserved 1114112K
  class space    used 6003K, committed 6528K, reserved 1048576K
}
Event: 19.338 GC heap before
{Heap before GC invocations=37 (full 2):
 PSYoungGen      total 19968K, used 19630K [0x00000000eab00000, 0x00000000ec200000, 0x0000000100000000)
  eden space 17408K, 100% used [0x00000000eab00000,0x00000000ebc00000,0x00000000ebc00000)
  from space 2560K, 86% used [0x00000000ebf80000,0x00000000ec1abaf8,0x00000000ec200000)
  to   space 2560K, 0% used [0x00000000ebd00000,0x00000000ebd00000,0x00000000ebf80000)
 ParOldGen       total 68608K, used 61200K [0x00000000c0000000, 0x00000000c4300000, 0x00000000eab00000)
  object space 68608K, 89% used [0x00000000c0000000,0x00000000c3bc4218,0x00000000c4300000)
 Metaspace       used 56726K, committed 57920K, reserved 1114112K
  class space    used 6011K, committed 6528K, reserved 1048576K
}
Event: 19.340 GC heap after
{Heap after GC invocations=37 (full 2):
 PSYoungGen      total 18944K, used 1303K [0x00000000eab00000, 0x00000000ec000000, 0x0000000100000000)
  eden space 17408K, 0% used [0x00000000eab00000,0x00000000eab00000,0x00000000ebc00000)
  from space 1536K, 84% used [0x00000000ebd00000,0x00000000ebe45e78,0x00000000ebe80000)
  to   space 1536K, 0% used [0x00000000ebe80000,0x00000000ebe80000,0x00000000ec000000)
 ParOldGen       total 68608K, used 62500K [0x00000000c0000000, 0x00000000c4300000, 0x00000000eab00000)
  object space 68608K, 91% used [0x00000000c0000000,0x00000000c3d092f8,0x00000000c4300000)
 Metaspace       used 56726K, committed 57920K, reserved 1114112K
  class space    used 6011K, committed 6528K, reserved 1048576K
}
Event: 19.507 GC heap before
{Heap before GC invocations=38 (full 2):
 PSYoungGen      total 18944K, used 18711K [0x00000000eab00000, 0x00000000ec000000, 0x0000000100000000)
  eden space 17408K, 100% used [0x00000000eab00000,0x00000000ebc00000,0x00000000ebc00000)
  from space 1536K, 84% used [0x00000000ebd00000,0x00000000ebe45e78,0x00000000ebe80000)
  to   space 1536K, 0% used [0x00000000ebe80000,0x00000000ebe80000,0x00000000ec000000)
 ParOldGen       total 68608K, used 62500K [0x00000000c0000000, 0x00000000c4300000, 0x00000000eab00000)
  object space 68608K, 91% used [0x00000000c0000000,0x00000000c3d092f8,0x00000000c4300000)
 Metaspace       used 57910K, committed 59136K, reserved 1114112K
  class space    used 6133K, committed 6656K, reserved 1048576K
}
Event: 19.509 GC heap after
{Heap after GC invocations=38 (full 2):
 PSYoungGen      total 16896K, used 1529K [0x00000000eab00000, 0x00000000ec500000, 0x0000000100000000)
  eden space 15360K, 0% used [0x00000000eab00000,0x00000000eab00000,0x00000000eba00000)
  from space 1536K, 99% used [0x00000000ebe80000,0x00000000ebffe7e8,0x00000000ec000000)
  to   space 4608K, 0% used [0x00000000eba00000,0x00000000eba00000,0x00000000ebe80000)
 ParOldGen       total 68608K, used 64863K [0x00000000c0000000, 0x00000000c4300000, 0x00000000eab00000)
  object space 68608K, 94% used [0x00000000c0000000,0x00000000c3f57e58,0x00000000c4300000)
 Metaspace       used 57910K, committed 59136K, reserved 1114112K
  class space    used 6133K, committed 6656K, reserved 1048576K
}
Event: 19.655 GC heap before
{Heap before GC invocations=39 (full 2):
 PSYoungGen      total 16896K, used 16889K [0x00000000eab00000, 0x00000000ec500000, 0x0000000100000000)
  eden space 15360K, 100% used [0x00000000eab00000,0x00000000eba00000,0x00000000eba00000)
  from space 1536K, 99% used [0x00000000ebe80000,0x00000000ebffe7e8,0x00000000ec000000)
  to   space 4608K, 0% used [0x00000000eba00000,0x00000000eba00000,0x00000000ebe80000)
 ParOldGen       total 68608K, used 64863K [0x00000000c0000000, 0x00000000c4300000, 0x00000000eab00000)
  object space 68608K, 94% used [0x00000000c0000000,0x00000000c3f57e58,0x00000000c4300000)
 Metaspace       used 58514K, committed 59776K, reserved 1114112K
  class space    used 6186K, committed 6720K, reserved 1048576K
}
Event: 19.657 GC heap after
{Heap after GC invocations=39 (full 2):
 PSYoungGen      total 18432K, used 2953K [0x00000000eab00000, 0x00000000ec100000, 0x0000000100000000)
  eden space 15360K, 0% used [0x00000000eab00000,0x00000000eab00000,0x00000000eba00000)
  from space 3072K, 96% used [0x00000000eba00000,0x00000000ebce25c0,0x00000000ebd00000)
  to   space 3584K, 0% used [0x00000000ebd80000,0x00000000ebd80000,0x00000000ec100000)
 ParOldGen       total 68608K, used 66335K [0x00000000c0000000, 0x00000000c4300000, 0x00000000eab00000)
  object space 68608K, 96% used [0x00000000c0000000,0x00000000c40c7c68,0x00000000c4300000)
 Metaspace       used 58514K, committed 59776K, reserved 1114112K
  class space    used 6186K, committed 6720K, reserved 1048576K
}
Event: 19.668 GC heap before
{Heap before GC invocations=40 (full 2):
 PSYoungGen      total 18432K, used 4164K [0x00000000eab00000, 0x00000000ec100000, 0x0000000100000000)
  eden space 15360K, 7% used [0x00000000eab00000,0x00000000eac2ee38,0x00000000eba00000)
  from space 3072K, 96% used [0x00000000eba00000,0x00000000ebce25c0,0x00000000ebd00000)
  to   space 3584K, 0% used [0x00000000ebd80000,0x00000000ebd80000,0x00000000ec100000)
 ParOldGen       total 68608K, used 66335K [0x00000000c0000000, 0x00000000c4300000, 0x00000000eab00000)
  object space 68608K, 96% used [0x00000000c0000000,0x00000000c40c7c68,0x00000000c4300000)
 Metaspace       used 58537K, committed 59776K, reserved 1114112K
  class space    used 6187K, committed 6720K, reserved 1048576K
}
Event: 19.671 GC heap after
{Heap after GC invocations=40 (full 2):
 PSYoungGen      total 15872K, used 384K [0x00000000eab00000, 0x00000000ebe00000, 0x0000000100000000)
  eden space 15360K, 0% used [0x00000000eab00000,0x00000000eab00000,0x00000000eba00000)
  from space 512K, 75% used [0x00000000ebd80000,0x00000000ebde0000,0x00000000ebe00000)
  to   space 1536K, 0% used [0x00000000ebb00000,0x00000000ebb00000,0x00000000ebc80000)
 ParOldGen       total 69632K, used 69217K [0x00000000c0000000, 0x00000000c4400000, 0x00000000eab00000)
  object space 69632K, 99% used [0x00000000c0000000,0x00000000c4398520,0x00000000c4400000)
 Metaspace       used 58537K, committed 59776K, reserved 1114112K
  class space    used 6187K, committed 6720K, reserved 1048576K
}
Event: 19.671 GC heap before
{Heap before GC invocations=41 (full 3):
 PSYoungGen      total 15872K, used 384K [0x00000000eab00000, 0x00000000ebe00000, 0x0000000100000000)
  eden space 15360K, 0% used [0x00000000eab00000,0x00000000eab00000,0x00000000eba00000)
  from space 512K, 75% used [0x00000000ebd80000,0x00000000ebde0000,0x00000000ebe00000)
  to   space 1536K, 0% used [0x00000000ebb00000,0x00000000ebb00000,0x00000000ebc80000)
 ParOldGen       total 69632K, used 69217K [0x00000000c0000000, 0x00000000c4400000, 0x00000000eab00000)
  object space 69632K, 99% used [0x00000000c0000000,0x00000000c4398520,0x00000000c4400000)
 Metaspace       used 58537K, committed 59776K, reserved 1114112K
  class space    used 6187K, committed 6720K, reserved 1048576K
}
Event: 19.771 GC heap after
{Heap after GC invocations=41 (full 3):
 PSYoungGen      total 15872K, used 0K [0x00000000eab00000, 0x00000000ebe00000, 0x0000000100000000)
  eden space 15360K, 0% used [0x00000000eab00000,0x00000000eab00000,0x00000000eba00000)
  from space 512K, 0% used [0x00000000ebd80000,0x00000000ebd80000,0x00000000ebe00000)
  to   space 1536K, 0% used [0x00000000ebb00000,0x00000000ebb00000,0x00000000ebc80000)
 ParOldGen       total 69632K, used 63088K [0x00000000c0000000, 0x00000000c4400000, 0x00000000eab00000)
  object space 69632K, 90% used [0x00000000c0000000,0x00000000c3d9c268,0x00000000c4400000)
 Metaspace       used 58537K, committed 59776K, reserved 1114112K
  class space    used 6187K, committed 6720K, reserved 1048576K
}
Event: 20.214 GC heap before
{Heap before GC invocations=42 (full 3):
 PSYoungGen      total 15872K, used 15360K [0x00000000eab00000, 0x00000000ebe00000, 0x0000000100000000)
  eden space 15360K, 100% used [0x00000000eab00000,0x00000000eba00000,0x00000000eba00000)
  from space 512K, 0% used [0x00000000ebd80000,0x00000000ebd80000,0x00000000ebe00000)
  to   space 1536K, 0% used [0x00000000ebb00000,0x00000000ebb00000,0x00000000ebc80000)
 ParOldGen       total 69632K, used 63088K [0x00000000c0000000, 0x00000000c4400000, 0x00000000eab00000)
  object space 69632K, 90% used [0x00000000c0000000,0x00000000c3d9c268,0x00000000c4400000)
 Metaspace       used 59617K, committed 60928K, reserved 1114112K
  class space    used 6292K, committed 6848K, reserved 1048576K
}
Event: 20.219 GC heap after
{Heap after GC invocations=42 (full 3):
 PSYoungGen      total 16896K, used 1526K [0x00000000eab00000, 0x00000000ec100000, 0x0000000100000000)
  eden space 15360K, 0% used [0x00000000eab00000,0x00000000eab00000,0x00000000eba00000)
  from space 1536K, 99% used [0x00000000ebb00000,0x00000000ebc7d840,0x00000000ebc80000)
  to   space 3584K, 0% used [0x00000000ebd80000,0x00000000ebd80000,0x00000000ec100000)
 ParOldGen       total 69632K, used 64299K [0x00000000c0000000, 0x00000000c4400000, 0x00000000eab00000)
  object space 69632K, 92% used [0x00000000c0000000,0x00000000c3ecad38,0x00000000c4400000)
 Metaspace       used 59617K, committed 60928K, reserved 1114112K
  class space    used 6292K, committed 6848K, reserved 1048576K
}
Event: 20.434 GC heap before
{Heap before GC invocations=43 (full 3):
 PSYoungGen      total 16896K, used 16886K [0x00000000eab00000, 0x00000000ec100000, 0x0000000100000000)
  eden space 15360K, 100% used [0x00000000eab00000,0x00000000eba00000,0x00000000eba00000)
  from space 1536K, 99% used [0x00000000ebb00000,0x00000000ebc7d840,0x00000000ebc80000)
  to   space 3584K, 0% used [0x00000000ebd80000,0x00000000ebd80000,0x00000000ec100000)
 ParOldGen       total 69632K, used 64299K [0x00000000c0000000, 0x00000000c4400000, 0x00000000eab00000)
  object space 69632K, 92% used [0x00000000c0000000,0x00000000c3ecad38,0x00000000c4400000)
 Metaspace       used 60199K, committed 61440K, reserved 1114112K
  class space    used 6334K, committed 6848K, reserved 1048576K
}
Event: 20.436 GC heap after
{Heap after GC invocations=43 (full 3):
 PSYoungGen      total 17920K, used 2508K [0x00000000eab00000, 0x00000000ec000000, 0x0000000100000000)
  eden space 15360K, 0% used [0x00000000eab00000,0x00000000eab00000,0x00000000eba00000)
  from space 2560K, 97% used [0x00000000ebd80000,0x00000000ebff30e8,0x00000000ec000000)
  to   space 3072K, 0% used [0x00000000eba00000,0x00000000eba00000,0x00000000ebd00000)
 ParOldGen       total 69632K, used 65819K [0x00000000c0000000, 0x00000000c4400000, 0x00000000eab00000)
  object space 69632K, 94% used [0x00000000c0000000,0x00000000c4046cf8,0x00000000c4400000)
 Metaspace       used 60199K, committed 61440K, reserved 1114112K
  class space    used 6334K, committed 6848K, reserved 1048576K
}

Dll operation events (12 events):
Event: 0.006 Loaded shared library c:\Users\XIAOMI\.vscode\extensions\redhat.java-1.40.0-win32-x64\jre\21.0.6-win32-x86_64\bin\java.dll
Event: 0.032 Loaded shared library c:\Users\XIAOMI\.vscode\extensions\redhat.java-1.40.0-win32-x64\jre\21.0.6-win32-x86_64\bin\zip.dll
Event: 0.098 Loaded shared library C:\Users\XIAOMI\.vscode\extensions\redhat.java-1.40.0-win32-x64\jre\21.0.6-win32-x86_64\bin\instrument.dll
Event: 0.103 Loaded shared library C:\Users\XIAOMI\.vscode\extensions\redhat.java-1.40.0-win32-x64\jre\21.0.6-win32-x86_64\bin\net.dll
Event: 0.104 Loaded shared library C:\Users\XIAOMI\.vscode\extensions\redhat.java-1.40.0-win32-x64\jre\21.0.6-win32-x86_64\bin\nio.dll
Event: 0.107 Loaded shared library C:\Users\XIAOMI\.vscode\extensions\redhat.java-1.40.0-win32-x64\jre\21.0.6-win32-x86_64\bin\zip.dll
Event: 0.125 Loaded shared library C:\Users\XIAOMI\.vscode\extensions\redhat.java-1.40.0-win32-x64\jre\21.0.6-win32-x86_64\bin\jimage.dll
Event: 0.195 Loaded shared library c:\Users\XIAOMI\.vscode\extensions\redhat.java-1.40.0-win32-x64\jre\21.0.6-win32-x86_64\bin\verify.dll
Event: 5.740 Loaded shared library C:\Users\XIAOMI\AppData\Roaming\Code\User\globalStorage\redhat.java\1.40.0\config_win\org.eclipse.equinox.launcher\org.eclipse.equinox.launcher.win32.win32.x86_64_1.2.1200.v20250212-0927\eclipse_11909.dll
Event: 14.975 Loaded shared library C:\Users\XIAOMI\AppData\Local\Temp\jna--1706170181\jna605878957277969673.dll
Event: 16.168 Loaded shared library C:\Users\XIAOMI\.vscode\extensions\redhat.java-1.40.0-win32-x64\jre\21.0.6-win32-x86_64\bin\sunmscapi.dll
Event: 16.237 Loaded shared library C:\Users\XIAOMI\.vscode\extensions\redhat.java-1.40.0-win32-x64\jre\21.0.6-win32-x86_64\bin\extnet.dll

Deoptimization events (20 events):
Event: 20.384 Thread 0x000002076091c4a0 DEOPT PACKING pc=0x00000207557a3640 sp=0x00000046a2cfee70
Event: 20.384 Thread 0x000002076091c4a0 DEOPT UNPACKING pc=0x0000020754f56da2 sp=0x00000046a2cfee70 mode 2
Event: 20.388 Thread 0x0000020760919d40 DEOPT PACKING pc=0x000002074e701ee3 sp=0x00000046a2dfe3c0
Event: 20.388 Thread 0x0000020760919d40 DEOPT UNPACKING pc=0x0000020754f578e2 sp=0x00000046a2dfd928 mode 0
Event: 20.416 Thread 0x000002076091c4a0 DEOPT PACKING pc=0x000002074e4bac46 sp=0x00000046a2cfe940
Event: 20.416 Thread 0x000002076091c4a0 DEOPT UNPACKING pc=0x0000020754f578e2 sp=0x00000046a2cfdec0 mode 0
Event: 20.428 Thread 0x0000020760919d40 DEOPT PACKING pc=0x000002074e701ee3 sp=0x00000046a2dfe3c0
Event: 20.428 Thread 0x0000020760919d40 DEOPT UNPACKING pc=0x0000020754f578e2 sp=0x00000046a2dfd928 mode 0
Event: 20.442 Thread 0x0000020760919d40 DEOPT PACKING pc=0x000002074e701f63 sp=0x00000046a2dfe3c0
Event: 20.442 Thread 0x0000020760919d40 DEOPT UNPACKING pc=0x0000020754f578e2 sp=0x00000046a2dfd928 mode 0
Event: 20.457 Thread 0x0000020760919d40 DEOPT PACKING pc=0x000002074e702108 sp=0x00000046a2dfe3c0
Event: 20.458 Thread 0x0000020760919d40 DEOPT UNPACKING pc=0x0000020754f578e2 sp=0x00000046a2dfd928 mode 0
Event: 20.506 Thread 0x000002076091c4a0 DEOPT PACKING pc=0x000002074e4bac46 sp=0x00000046a2cfe970
Event: 20.506 Thread 0x000002076091c4a0 DEOPT UNPACKING pc=0x0000020754f578e2 sp=0x00000046a2cfdef0 mode 0
Event: 20.564 Thread 0x000002076091c4a0 DEOPT PACKING pc=0x000002074ea6877a sp=0x00000046a2cfeb30
Event: 20.564 Thread 0x000002076091c4a0 DEOPT UNPACKING pc=0x0000020754f578e2 sp=0x00000046a2cfe050 mode 0
Event: 20.571 Thread 0x0000020760919d40 Uncommon trap: trap_request=0xffffff45 fr.pc=0x00000207558b3074 relative=0x0000000000003534
Event: 20.571 Thread 0x0000020760919d40 Uncommon trap: reason=unstable_if action=reinterpret pc=0x00000207558b3074 method=org.eclipse.jdt.internal.core.search.indexing.BinaryIndexer.extractArgCount([C[CZ)I @ 247 c2
Event: 20.571 Thread 0x0000020760919d40 DEOPT PACKING pc=0x00000207558b3074 sp=0x00000046a2dfe430
Event: 20.571 Thread 0x0000020760919d40 DEOPT UNPACKING pc=0x0000020754f56da2 sp=0x00000046a2dfe370 mode 2

Classes loaded (20 events):
Event: 20.021 Loading class java/util/stream/IntPipeline$StatelessOp done
Event: 20.021 Loading class java/util/stream/ReferencePipeline$4 done
Event: 20.022 Loading class java/util/stream/Nodes$IntFixedNodeBuilder
Event: 20.022 Loading class java/util/stream/Node$Builder$OfInt
Event: 20.022 Loading class java/util/stream/Sink$OfInt
Event: 20.023 Loading class java/util/stream/Sink$OfInt done
Event: 20.023 Loading class java/util/stream/Node$Builder$OfInt done
Event: 20.023 Loading class java/util/stream/Nodes$IntArrayNode
Event: 20.023 Loading class java/util/stream/Nodes$IntArrayNode done
Event: 20.023 Loading class java/util/stream/Nodes$IntFixedNodeBuilder done
Event: 20.024 Loading class java/util/stream/ReferencePipeline$4$1
Event: 20.024 Loading class java/util/stream/ReferencePipeline$4$1 done
Event: 20.344 Loading class java/util/TreeMap$ValueSpliterator
Event: 20.344 Loading class java/util/TreeMap$TreeMapSpliterator
Event: 20.344 Loading class java/util/TreeMap$TreeMapSpliterator done
Event: 20.344 Loading class java/util/TreeMap$ValueSpliterator done
Event: 20.374 Loading class java/util/concurrent/CompletionException
Event: 20.374 Loading class java/util/concurrent/CompletionException done
Event: 20.381 Loading class java/nio/file/FileTreeWalker$1
Event: 20.381 Loading class java/nio/file/FileTreeWalker$1 done

Classes unloaded (7 events):
Event: 15.369 Thread 0x000002075eb92df0 Unloading class 0x0000020701198800 'java/lang/invoke/LambdaForm$MH+0x0000020701198800'
Event: 15.369 Thread 0x000002075eb92df0 Unloading class 0x0000020701198400 'java/lang/invoke/LambdaForm$MH+0x0000020701198400'
Event: 15.369 Thread 0x000002075eb92df0 Unloading class 0x0000020701198000 'java/lang/invoke/LambdaForm$MH+0x0000020701198000'
Event: 15.369 Thread 0x000002075eb92df0 Unloading class 0x0000020701197c00 'java/lang/invoke/LambdaForm$MH+0x0000020701197c00'
Event: 15.369 Thread 0x000002075eb92df0 Unloading class 0x0000020701197800 'java/lang/invoke/LambdaForm$BMH+0x0000020701197800'
Event: 15.369 Thread 0x000002075eb92df0 Unloading class 0x0000020701197400 'java/lang/invoke/LambdaForm$DMH+0x0000020701197400'
Event: 15.369 Thread 0x000002075eb92df0 Unloading class 0x0000020701196400 'java/lang/invoke/LambdaForm$DMH+0x0000020701196400'

Classes redefined (0 events):
No events

Internal exceptions (20 events):
Event: 20.775 Thread 0x000002076091c4a0 Exception <a 'sun/nio/fs/WindowsException'{0x00000000eb3e3a90}> (0x00000000eb3e3a90) 
thrown [s\src\hotspot\share\prims\jni.cpp, line 520]
Event: 20.775 Thread 0x000002076091c4a0 Exception <a 'sun/nio/fs/WindowsException'{0x00000000eb3e4068}> (0x00000000eb3e4068) 
thrown [s\src\hotspot\share\prims\jni.cpp, line 520]
Event: 20.775 Thread 0x000002076091c4a0 Exception <a 'sun/nio/fs/WindowsException'{0x00000000eb3e4650}> (0x00000000eb3e4650) 
thrown [s\src\hotspot\share\prims\jni.cpp, line 520]
Event: 20.775 Thread 0x000002076091c4a0 Exception <a 'sun/nio/fs/WindowsException'{0x00000000eb3e4c48}> (0x00000000eb3e4c48) 
thrown [s\src\hotspot\share\prims\jni.cpp, line 520]
Event: 20.775 Thread 0x000002076091c4a0 Exception <a 'sun/nio/fs/WindowsException'{0x00000000eb3e8408}> (0x00000000eb3e8408) 
thrown [s\src\hotspot\share\prims\jni.cpp, line 520]
Event: 20.776 Thread 0x000002076091c4a0 Exception <a 'sun/nio/fs/WindowsException'{0x00000000eb3e89f8}> (0x00000000eb3e89f8) 
thrown [s\src\hotspot\share\prims\jni.cpp, line 520]
Event: 20.776 Thread 0x000002076091c4a0 Exception <a 'sun/nio/fs/WindowsException'{0x00000000eb3e8fe8}> (0x00000000eb3e8fe8) 
thrown [s\src\hotspot\share\prims\jni.cpp, line 520]
Event: 20.776 Thread 0x000002076091c4a0 Exception <a 'sun/nio/fs/WindowsException'{0x00000000eb3e95f0}> (0x00000000eb3e95f0) 
thrown [s\src\hotspot\share\prims\jni.cpp, line 520]
Event: 20.776 Thread 0x000002076091c4a0 Exception <a 'sun/nio/fs/WindowsException'{0x00000000eb3ecd28}> (0x00000000eb3ecd28) 
thrown [s\src\hotspot\share\prims\jni.cpp, line 520]
Event: 20.776 Thread 0x000002076091c4a0 Exception <a 'sun/nio/fs/WindowsException'{0x00000000eb3ed328}> (0x00000000eb3ed328) 
thrown [s\src\hotspot\share\prims\jni.cpp, line 520]
Event: 20.776 Thread 0x000002076091c4a0 Exception <a 'sun/nio/fs/WindowsException'{0x00000000eb3ed928}> (0x00000000eb3ed928) 
thrown [s\src\hotspot\share\prims\jni.cpp, line 520]
Event: 20.776 Thread 0x000002076091c4a0 Exception <a 'sun/nio/fs/WindowsException'{0x00000000eb3edf48}> (0x00000000eb3edf48) 
thrown [s\src\hotspot\share\prims\jni.cpp, line 520]
Event: 20.776 Thread 0x000002076091c4a0 Exception <a 'sun/nio/fs/WindowsException'{0x00000000eb3f21b0}> (0x00000000eb3f21b0) 
thrown [s\src\hotspot\share\prims\jni.cpp, line 520]
Event: 20.776 Thread 0x000002076091c4a0 Exception <a 'sun/nio/fs/WindowsException'{0x00000000eb3f2770}> (0x00000000eb3f2770) 
thrown [s\src\hotspot\share\prims\jni.cpp, line 520]
Event: 20.776 Thread 0x000002076091c4a0 Exception <a 'sun/nio/fs/WindowsException'{0x00000000eb3f2d30}> (0x00000000eb3f2d30) 
thrown [s\src\hotspot\share\prims\jni.cpp, line 520]
Event: 20.776 Thread 0x000002076091c4a0 Exception <a 'sun/nio/fs/WindowsException'{0x00000000eb3f3308}> (0x00000000eb3f3308) 
thrown [s\src\hotspot\share\prims\jni.cpp, line 520]
Event: 20.777 Thread 0x000002076091c4a0 Exception <a 'sun/nio/fs/WindowsException'{0x00000000eb3f6790}> (0x00000000eb3f6790) 
thrown [s\src\hotspot\share\prims\jni.cpp, line 520]
Event: 20.777 Thread 0x000002076091c4a0 Exception <a 'sun/nio/fs/WindowsException'{0x00000000eb3f6d88}> (0x00000000eb3f6d88) 
thrown [s\src\hotspot\share\prims\jni.cpp, line 520]
Event: 20.777 Thread 0x000002076091c4a0 Exception <a 'sun/nio/fs/WindowsException'{0x00000000eb3f7388}> (0x00000000eb3f7388) 
thrown [s\src\hotspot\share\prims\jni.cpp, line 520]
Event: 20.777 Thread 0x000002076091c4a0 Exception <a 'sun/nio/fs/WindowsException'{0x00000000eb3f7998}> (0x00000000eb3f7998) 
thrown [s\src\hotspot\share\prims\jni.cpp, line 520]

ZGC Phase Switch (0 events):
No events

VM Operations (20 events):
Event: 19.455 Executing VM operation: HandshakeAllThreads (Deoptimize)
Event: 19.462 Executing VM operation: HandshakeAllThreads (Deoptimize) done
Event: 19.507 Executing VM operation: ParallelGCFailedAllocation (Allocation Failure)
Event: 19.509 Executing VM operation: ParallelGCFailedAllocation (Allocation Failure) done
Event: 19.557 Executing VM operation: HandshakeAllThreads (Deoptimize)
Event: 19.559 Executing VM operation: HandshakeAllThreads (Deoptimize) done
Event: 19.655 Executing VM operation: ParallelGCFailedAllocation (Allocation Failure)
Event: 19.657 Executing VM operation: ParallelGCFailedAllocation (Allocation Failure) done
Event: 19.668 Executing VM operation: CollectForMetadataAllocation (Metadata GC Threshold)
Event: 19.771 Executing VM operation: CollectForMetadataAllocation (Metadata GC Threshold) done
Event: 19.859 Executing VM operation: HandshakeAllThreads (Deoptimize)
Event: 19.941 Executing VM operation: HandshakeAllThreads (Deoptimize) done
Event: 19.951 Executing VM operation: HandshakeAllThreads (Deoptimize)
Event: 19.958 Executing VM operation: HandshakeAllThreads (Deoptimize) done
Event: 20.142 Executing VM operation: ICBufferFull
Event: 20.142 Executing VM operation: ICBufferFull done
Event: 20.213 Executing VM operation: ParallelGCFailedAllocation (Allocation Failure)
Event: 20.219 Executing VM operation: ParallelGCFailedAllocation (Allocation Failure) done
Event: 20.434 Executing VM operation: ParallelGCFailedAllocation (Allocation Failure)
Event: 20.436 Executing VM operation: ParallelGCFailedAllocation (Allocation Failure) done

Memory protections (0 events):
No events

Nmethod flushes (20 events):
Event: 19.710 Thread 0x000002075eb92df0 flushing  nmethod 0x000002074e18a690
Event: 19.710 Thread 0x000002075eb92df0 flushing  nmethod 0x000002074e18ee10
Event: 19.710 Thread 0x000002075eb92df0 flushing  nmethod 0x000002074e1a3e90
Event: 19.710 Thread 0x000002075eb92df0 flushing osr nmethod 0x000002074e1d9210
Event: 19.710 Thread 0x000002075eb92df0 flushing  nmethod 0x000002074e1df110
Event: 19.710 Thread 0x000002075eb92df0 flushing  nmethod 0x000002074e214d10
Event: 19.710 Thread 0x000002075eb92df0 flushing  nmethod 0x000002074e217a90
Event: 19.710 Thread 0x000002075eb92df0 flushing  nmethod 0x000002074e222190
Event: 19.710 Thread 0x000002075eb92df0 flushing  nmethod 0x000002074e225d90
Event: 19.710 Thread 0x000002075eb92df0 flushing  nmethod 0x000002074e231390
Event: 19.710 Thread 0x000002075eb92df0 flushing  nmethod 0x000002074e241490
Event: 19.710 Thread 0x000002075eb92df0 flushing  nmethod 0x000002074e243890
Event: 19.710 Thread 0x000002075eb92df0 flushing  nmethod 0x000002074e245110
Event: 19.710 Thread 0x000002075eb92df0 flushing  nmethod 0x000002074e245710
Event: 19.710 Thread 0x000002075eb92df0 flushing  nmethod 0x000002074e249490
Event: 19.710 Thread 0x000002075eb92df0 flushing  nmethod 0x000002074e249b90
Event: 19.710 Thread 0x000002075eb92df0 flushing  nmethod 0x000002074e24ba90
Event: 19.710 Thread 0x000002075eb92df0 flushing  nmethod 0x000002074e26f390
Event: 19.710 Thread 0x000002075eb92df0 flushing  nmethod 0x000002074e27f410
Event: 19.710 Thread 0x000002075eb92df0 flushing  nmethod 0x000002074e307b10

Events (20 events):
Event: 18.409 Thread 0x0000020767bf93f0 Thread added: 0x0000020769d26c10
Event: 18.416 Thread 0x0000020767bf93f0 Thread added: 0x0000020769d27930
Event: 18.416 Thread 0x0000020769d27930 Thread added: 0x0000020769d2bad0
Event: 18.416 Thread 0x0000020769d2bad0 Thread added: 0x0000020769d25ef0
Event: 18.449 Thread 0x0000020767bfe940 Thread added: 0x0000020769d26580
Event: 18.449 Thread 0x0000020767bfe940 Thread added: 0x0000020769d29370
Event: 18.449 Thread 0x0000020767bfe940 Thread added: 0x0000020769d2a090
Event: 18.449 Thread 0x0000020767bfe940 Thread added: 0x0000020769d27fc0
Event: 18.449 Thread 0x0000020767bfe940 Thread added: 0x0000020769d2a720
Event: 18.449 Thread 0x0000020769d2a090 Thread added: 0x0000020769d272a0
Event: 18.661 Thread 0x000002076091aa60 Thread added: 0x0000020769d2c160
Event: 18.665 Thread 0x0000020769d2c160 Thread exited: 0x0000020769d2c160
Event: 19.528 Thread 0x0000020767bfe940 Thread added: 0x0000020769d2adb0
Event: 19.972 Thread 0x0000020767bfe940 Thread added: 0x0000020769d28ce0
Event: 19.972 Thread 0x0000020767bfe940 Thread added: 0x0000020769d2b440
Event: 20.011 Thread 0x0000020767bfe940 Thread added: 0x0000020769d2c7f0
Event: 20.011 Thread 0x0000020767bfe940 Thread added: 0x0000020769d2ce80
Event: 20.011 Thread 0x0000020767bfe940 Thread added: 0x0000020769d2c160
Event: 20.011 Thread 0x0000020767bfe940 Thread added: 0x0000020769e35ed0
Event: 20.350 Thread 0x000002076091cb30 Thread exited: 0x000002076091cb30


Dynamic libraries:
0x00007ff6066e0000 - 0x00007ff6066ee000 	c:\Users\XIAOMI\.vscode\extensions\redhat.java-1.40.0-win32-x64\jre\21.0.6-win32-x86_64\bin\java.exe
0x00007ffbcfc90000 - 0x00007ffbcfea7000 	C:\WINDOWS\SYSTEM32\ntdll.dll
0x00007ffbcea50000 - 0x00007ffbceb14000 	C:\WINDOWS\System32\KERNEL32.DLL
0x00007ffbcd390000 - 0x00007ffbcd74a000 	C:\WINDOWS\System32\KERNELBASE.dll
0x00007ffbcd780000 - 0x00007ffbcd891000 	C:\WINDOWS\System32\ucrtbase.dll
0x00007ffb88830000 - 0x00007ffb8884e000 	c:\Users\XIAOMI\.vscode\extensions\redhat.java-1.40.0-win32-x64\jre\21.0.6-win32-x86_64\bin\VCRUNTIME140.dll
0x00007ffb90ac0000 - 0x00007ffb90ad8000 	c:\Users\XIAOMI\.vscode\extensions\redhat.java-1.40.0-win32-x64\jre\21.0.6-win32-x86_64\bin\jli.dll
0x00007ffbcdac0000 - 0x00007ffbcdc6e000 	C:\WINDOWS\System32\USER32.dll
0x00007ffbcd8a0000 - 0x00007ffbcd8c6000 	C:\WINDOWS\System32\win32u.dll
0x00007ffbcc1d0000 - 0x00007ffbcc462000 	C:\WINDOWS\WinSxS\amd64_microsoft.windows.common-controls_6595b64144ccf1df_6.0.22621.4541_none_2710d1c57384c085\COMCTL32.dll
0x00007ffbce590000 - 0x00007ffbce5b9000 	C:\WINDOWS\System32\GDI32.dll
0x00007ffbce4e0000 - 0x00007ffbce587000 	C:\WINDOWS\System32\msvcrt.dll
0x00007ffbccf60000 - 0x00007ffbcd07b000 	C:\WINDOWS\System32\gdi32full.dll
0x00007ffbcd270000 - 0x00007ffbcd30a000 	C:\WINDOWS\System32\msvcp_win.dll
0x00007ffbcddb0000 - 0x00007ffbcdde1000 	C:\WINDOWS\System32\IMM32.DLL
0x00007ffbac050000 - 0x00007ffbac05c000 	c:\Users\XIAOMI\.vscode\extensions\redhat.java-1.40.0-win32-x64\jre\21.0.6-win32-x86_64\bin\vcruntime140_1.dll
0x00007ffb0d790000 - 0x00007ffb0d81d000 	c:\Users\XIAOMI\.vscode\extensions\redhat.java-1.40.0-win32-x64\jre\21.0.6-win32-x86_64\bin\msvcp140.dll
0x00007ffae8520000 - 0x00007ffae92b0000 	c:\Users\XIAOMI\.vscode\extensions\redhat.java-1.40.0-win32-x64\jre\21.0.6-win32-x86_64\bin\server\jvm.dll
0x00007ffbcfb10000 - 0x00007ffbcfbc2000 	C:\WINDOWS\System32\ADVAPI32.dll
0x00007ffbce830000 - 0x00007ffbce8d7000 	C:\WINDOWS\System32\sechost.dll
0x00007ffbcd750000 - 0x00007ffbcd778000 	C:\WINDOWS\System32\bcrypt.dll
0x00007ffbcd9a0000 - 0x00007ffbcdab4000 	C:\WINDOWS\System32\RPCRT4.dll
0x00007ffbce790000 - 0x00007ffbce801000 	C:\WINDOWS\System32\WS2_32.dll
0x00007ffbcc870000 - 0x00007ffbcc8bd000 	C:\WINDOWS\SYSTEM32\POWRPROF.dll
0x00007ffbc4070000 - 0x00007ffbc40a4000 	C:\WINDOWS\SYSTEM32\WINMM.dll
0x00007ffbc11d0000 - 0x00007ffbc11da000 	C:\WINDOWS\SYSTEM32\VERSION.dll
0x00007ffbcc560000 - 0x00007ffbcc573000 	C:\WINDOWS\SYSTEM32\UMPDC.dll
0x00007ffbcb7a0000 - 0x00007ffbcb7b8000 	C:\WINDOWS\SYSTEM32\kernel.appcore.dll
0x00007ffbabb30000 - 0x00007ffbabb3a000 	c:\Users\XIAOMI\.vscode\extensions\redhat.java-1.40.0-win32-x64\jre\21.0.6-win32-x86_64\bin\jimage.dll
0x00007ffbcc8c0000 - 0x00007ffbccaf2000 	C:\WINDOWS\SYSTEM32\DBGHELP.DLL
0x00007ffbcf410000 - 0x00007ffbcf79f000 	C:\WINDOWS\System32\combase.dll
0x00007ffbce5c0000 - 0x00007ffbce697000 	C:\WINDOWS\System32\OLEAUT32.dll
0x00007ffbcc760000 - 0x00007ffbcc792000 	C:\WINDOWS\SYSTEM32\dbgcore.DLL
0x00007ffbcd1f0000 - 0x00007ffbcd26b000 	C:\WINDOWS\System32\bcryptPrimitives.dll
0x00007ffbab5a0000 - 0x00007ffbab5af000 	c:\Users\XIAOMI\.vscode\extensions\redhat.java-1.40.0-win32-x64\jre\21.0.6-win32-x86_64\bin\instrument.dll
0x00007ffb873c0000 - 0x00007ffb873df000 	c:\Users\XIAOMI\.vscode\extensions\redhat.java-1.40.0-win32-x64\jre\21.0.6-win32-x86_64\bin\java.dll
0x00007ffbceb20000 - 0x00007ffbcf398000 	C:\WINDOWS\System32\SHELL32.dll
0x00007ffbca450000 - 0x00007ffbcad58000 	C:\WINDOWS\SYSTEM32\windows.storage.dll
0x00007ffbca310000 - 0x00007ffbca44f000 	C:\WINDOWS\SYSTEM32\wintypes.dll
0x00007ffbcde50000 - 0x00007ffbcdf4a000 	C:\WINDOWS\System32\SHCORE.dll
0x00007ffbcddf0000 - 0x00007ffbcde4e000 	C:\WINDOWS\System32\shlwapi.dll
0x00007ffbcce90000 - 0x00007ffbccebb000 	C:\WINDOWS\SYSTEM32\profapi.dll
0x00007ffb84c70000 - 0x00007ffb84c88000 	c:\Users\XIAOMI\.vscode\extensions\redhat.java-1.40.0-win32-x64\jre\21.0.6-win32-x86_64\bin\zip.dll
0x00007ffbab3f0000 - 0x00007ffbab400000 	C:\Users\XIAOMI\.vscode\extensions\redhat.java-1.40.0-win32-x64\jre\21.0.6-win32-x86_64\bin\net.dll
0x00007ffbc5030000 - 0x00007ffbc5166000 	C:\WINDOWS\SYSTEM32\WINHTTP.dll
0x00007ffbcbbe0000 - 0x00007ffbcbc49000 	C:\WINDOWS\system32\mswsock.dll
0x00007ffb84670000 - 0x00007ffb84686000 	C:\Users\XIAOMI\.vscode\extensions\redhat.java-1.40.0-win32-x64\jre\21.0.6-win32-x86_64\bin\nio.dll
0x00007ffba9950000 - 0x00007ffba9960000 	c:\Users\XIAOMI\.vscode\extensions\redhat.java-1.40.0-win32-x64\jre\21.0.6-win32-x86_64\bin\verify.dll
0x00007ffbab6b0000 - 0x00007ffbab6f5000 	C:\Users\XIAOMI\AppData\Roaming\Code\User\globalStorage\redhat.java\1.40.0\config_win\org.eclipse.equinox.launcher\org.eclipse.equinox.launcher.win32.win32.x86_64_1.2.1200.v20250212-0927\eclipse_11909.dll
0x00007ffbcf7a0000 - 0x00007ffbcf945000 	C:\WINDOWS\System32\ole32.dll
0x00007ffbccc00000 - 0x00007ffbccc1b000 	C:\WINDOWS\SYSTEM32\CRYPTSP.dll
0x00007ffbcb6e0000 - 0x00007ffbcb715000 	C:\WINDOWS\system32\rsaenh.dll
0x00007ffbcbcd0000 - 0x00007ffbcbcf8000 	C:\WINDOWS\SYSTEM32\USERENV.dll
0x00007ffbcbe30000 - 0x00007ffbcbe3c000 	C:\WINDOWS\SYSTEM32\CRYPTBASE.dll
0x00007ffbcb230000 - 0x00007ffbcb25d000 	C:\WINDOWS\SYSTEM32\IPHLPAPI.DLL
0x00007ffbcdf50000 - 0x00007ffbcdf59000 	C:\WINDOWS\System32\NSI.dll
0x00007ffba9960000 - 0x00007ffba99a9000 	C:\Users\XIAOMI\AppData\Local\Temp\jna--1706170181\jna605878957277969673.dll
0x00007ffbcd990000 - 0x00007ffbcd998000 	C:\WINDOWS\System32\PSAPI.DLL
0x00007ffbc4340000 - 0x00007ffbc4359000 	C:\WINDOWS\SYSTEM32\dhcpcsvc6.DLL
0x00007ffbc42e0000 - 0x00007ffbc42ff000 	C:\WINDOWS\SYSTEM32\dhcpcsvc.DLL
0x00007ffbb3f20000 - 0x00007ffbb3f2e000 	C:\Users\XIAOMI\.vscode\extensions\redhat.java-1.40.0-win32-x64\jre\21.0.6-win32-x86_64\bin\sunmscapi.dll
0x00007ffbcd080000 - 0x00007ffbcd1e6000 	C:\WINDOWS\System32\CRYPT32.dll
0x00007ffbcc1a0000 - 0x00007ffbcc1cd000 	C:\WINDOWS\SYSTEM32\ncrypt.dll
0x00007ffbcc160000 - 0x00007ffbcc197000 	C:\WINDOWS\SYSTEM32\NTASN1.dll
0x00007ffbcb2b0000 - 0x00007ffbcb3b2000 	C:\WINDOWS\SYSTEM32\DNSAPI.dll
0x00007ffbc42b0000 - 0x00007ffbc42ba000 	C:\Windows\System32\rasadhlp.dll
0x00007ffbc3e80000 - 0x00007ffbc3f03000 	C:\WINDOWS\System32\fwpuclnt.dll
0x00007ffbb2570000 - 0x00007ffbb2579000 	C:\Users\XIAOMI\.vscode\extensions\redhat.java-1.40.0-win32-x64\jre\21.0.6-win32-x86_64\bin\extnet.dll

dbghelp: loaded successfully - version: 4.0.5 - missing functions: none
symbol engine: initialized successfully - sym options: 0x614 - pdb path: .;c:\Users\XIAOMI\.vscode\extensions\redhat.java-1.40.0-win32-x64\jre\21.0.6-win32-x86_64\bin;C:\WINDOWS\SYSTEM32;C:\WINDOWS\WinSxS\amd64_microsoft.windows.common-controls_6595b64144ccf1df_6.0.22621.4541_none_2710d1c57384c085;c:\Users\XIAOMI\.vscode\extensions\redhat.java-1.40.0-win32-x64\jre\21.0.6-win32-x86_64\bin\server;C:\Users\XIAOMI\AppData\Roaming\Code\User\globalStorage\redhat.java\1.40.0\config_win\org.eclipse.equinox.launcher\org.eclipse.equinox.launcher.win32.win32.x86_64_1.2.1200.v20250212-0927;C:\Users\XIAOMI\AppData\Local\Temp\jna--1706170181

VM Arguments:
jvm_args: --add-modules=ALL-SYSTEM --add-opens=java.base/java.util=ALL-UNNAMED --add-opens=java.base/java.lang=ALL-UNNAMED --add-opens=java.base/sun.nio.fs=ALL-UNNAMED -Declipse.application=org.eclipse.jdt.ls.core.id1 -Dosgi.bundles.defaultStartLevel=4 -Declipse.product=org.eclipse.jdt.ls.core.product -Djava.import.generatesMetadataFilesAtProjectRoot=false -DDetectVMInstallationsJob.disabled=true -Dfile.encoding=utf8 -XX:+UseParallelGC -XX:GCTimeRatio=4 -XX:AdaptiveSizePolicyWeight=90 -Dsun.zip.disableMemoryMapping=true -Xmx1G -Xms100m -Xlog:disable -javaagent:c:\Users\XIAOMI\.vscode\extensions\redhat.java-1.40.0-win32-x64\lombok\lombok-1.18.36.jar -XX:+HeapDumpOnOutOfMemoryError -XX:HeapDumpPath=c:\Users\XIAOMI\AppData\Roaming\Code\User\workspaceStorage\8aaf11750f5bdf88448f61a0a3e28651\redhat.java -Daether.dependencyCollector.impl=bf 
java_command: c:\Users\XIAOMI\.vscode\extensions\redhat.java-1.40.0-win32-x64\server\plugins\org.eclipse.equinox.launcher_1.6.1000.v20250131-0606.jar -configuration c:\Users\XIAOMI\AppData\Roaming\Code\User\globalStorage\redhat.java\1.40.0\config_win -data c:\Users\XIAOMI\AppData\Roaming\Code\User\workspaceStorage\8aaf11750f5bdf88448f61a0a3e28651\redhat.java\jdt_ws --pipe=\\.\pipe\lsp-2c26bcc8f25f5714ceb7113ce7814aa8-sock
java_class_path (initial): c:\Users\XIAOMI\.vscode\extensions\redhat.java-1.40.0-win32-x64\server\plugins\org.eclipse.equinox.launcher_1.6.1000.v20250131-0606.jar
Launcher Type: SUN_STANDARD

[Global flags]
    uintx AdaptiveSizePolicyWeight                 = 90                                        {product} {command line}
     intx CICompilerCount                          = 4                                         {product} {ergonomic}
    uintx GCTimeRatio                              = 4                                         {product} {command line}
     bool HeapDumpOnOutOfMemoryError               = true                                   {manageable} {command line}
    ccstr HeapDumpPath                             = c:\Users\XIAOMI\AppData\Roaming\Code\User\workspaceStorage\8aaf11750f5bdf88448f61a0a3e28651\redhat.java         {manageable} {command line}
   size_t InitialHeapSize                          = 104857600                                 {product} {command line}
   size_t MaxHeapSize                              = 1073741824                                {product} {command line}
   size_t MaxNewSize                               = 357564416                                 {product} {ergonomic}
   size_t MinHeapDeltaBytes                        = 524288                                    {product} {ergonomic}
   size_t MinHeapSize                              = 104857600                                 {product} {command line}
   size_t NewSize                                  = 34603008                                  {product} {ergonomic}
    uintx NonNMethodCodeHeapSize                   = 5839372                                {pd product} {ergonomic}
    uintx NonProfiledCodeHeapSize                  = 122909434                              {pd product} {ergonomic}
   size_t OldSize                                  = 70254592                                  {product} {ergonomic}
    uintx ProfiledCodeHeapSize                     = 122909434                              {pd product} {ergonomic}
    uintx ReservedCodeCacheSize                    = 251658240                              {pd product} {ergonomic}
     bool SegmentedCodeCache                       = true                                      {product} {ergonomic}
   size_t SoftMaxHeapSize                          = 1073741824                             {manageable} {ergonomic}
     bool UseCompressedOops                        = true                           {product lp64_product} {ergonomic}
     bool UseLargePagesIndividualAllocation        = false                                  {pd product} {ergonomic}
     bool UseParallelGC                            = true                                      {product} {command line}

Logging:
Log output configuration:
 #0: stdout all=off uptime,level,tags foldmultilines=false
 #1: stderr all=off uptime,level,tags foldmultilines=false

Environment Variables:
JAVA_HOME=C:\Program Files\Java\jdk-17
CLASSPATH=.;C:\Program Files\Java\jdk-17\lib\dt.jar;C:\Program Files\Java\jdk-17\lib\tools.jar;
PATH=D:\RuanJian\VMware\bin\;C:\Program Files\Java\jdk-17\bin;C:\Program Files\Common Files\Oracle\Java\javapath;C:\Program Files (x86)\Common Files\Oracle\Java\javapath;C:\Windows\system32;C:\Windows;C:\Windows\System32\Wbem;C:\Windows\System32\WindowsPowerShell\v1.0\;C:\Windows\System32\OpenSSH\;C:\Program Files (x86)\NVIDIA Corporation\PhysX\Common;C:\WINDOWS\system32;C:\WINDOWS;C:\WINDOWS\System32\Wbem;C:\WINDOWS\System32\WindowsPowerShell\v1.0\;C:\WINDOWS\System32\OpenSSH\;C:\ProgramData\anaconda3;C:\ProgramData\anaconda3\Scripts;C:\ProgramData\anaconda3\Library\mingw-w64\bin;C:\ProgramData\anaconda3\Library\usr\bin;C:\ProgramData\anaconda3\Library\bin;%JRE_HOME%\bin;C:\Program Files\NVIDIA Corporation\NVIDIA app\NvDLISR;D:\Maven\apache-maven-3.5.2\bin;D:\RuanJian\nodejs\;D:\RuanJian\nodejs;D:\RuanJian\nodejs\node_global;D:\RuanJian\nodejs\node_cache;D:\Git\Git\cmd;C:\Users\XIAOMI\AppData\Local\Programs\Python\Launcher\;C:\Users\XIAOMI\AppData\Local\Microsoft\WindowsApps;D:\RuanJian\PyCharm\PyCharm 2024.1.4\bin;D:\RuanJian\CLion\CLion 2024.1.4\bin;D:\RuanJian\VScode\Microsoft VS Code\bin;C:\Users\XIAOMI\AppData\Local\gitkraken\bin;D:\RuanJian\nodejs\node_global;;D:\RuanJian\WebStorm\WebStorm 2024.3.3\bin;
USERNAME=XIAOMI
OS=Windows_NT
PROCESSOR_IDENTIFIER=Intel64 Family 6 Model 140 Stepping 1, GenuineIntel
TMP=C:\Users\XIAOMI\AppData\Local\Temp
TEMP=C:\Users\XIAOMI\AppData\Local\Temp




Periodic native trim disabled

---------------  S Y S T E M  ---------------

OS:
 Windows 11 , 64 bit Build 22621 (10.0.22621.4391)
OS uptime: 6 days 0:25 hours

CPU: total 8 (initial active 8) (4 cores per cpu, 2 threads per core) family 6 model 140 stepping 1 microcode 0x78, cx8, cmov, fxsr, ht, mmx, 3dnowpref, sse, sse2, sse3, ssse3, sse4.1, sse4.2, popcnt, lzcnt, tsc, tscinvbit, avx, avx2, aes, erms, clmul, bmi1, bmi2, adx, avx512f, avx512dq, avx512cd, avx512bw, avx512vl, sha, fma, vzeroupper, avx512_vpopcntdq, avx512_vpclmulqdq, avx512_vaes, avx512_vnni, clflush, clflushopt, clwb, avx512_vbmi2, avx512_vbmi, rdtscp, rdpid, fsrm, gfni, avx512_bitalg, f16c, pku, cet_ibt, cet_ss, avx512_ifma
Processor Information for the first 8 processors :
  Max Mhz: 3302, Current Mhz: 3302, Mhz Limit: 3302

Memory: 4k page, system-wide physical 16167M (230M free)
TotalPageFile size 34778M (AvailPageFile size 9M)
current process WorkingSet (physical memory assigned to process): 317M, peak: 322M
current process commit charge ("private bytes"): 343M, peak: 346M

vm_info: OpenJDK 64-Bit Server VM (21.0.6+7-LTS) for windows-amd64 JRE (21.0.6+7-LTS), built on 2025-01-21T00:00:00Z by "admin" with MS VC++ 17.7 (VS2022)

END.
